warning: profiles for the non root package will be ignored, specify profiles at the workspace root:
package:   /Users/ashina/Kayra/src/cwts-ultra/core/Cargo.toml
workspace: /Users/ashina/Kayra/src/cwts-ultra/Cargo.toml
warning: profiles for the non root package will be ignored, specify profiles at the workspace root:
package:   /Users/ashina/Kayra/src/cwts-ultra/wasm/Cargo.toml
workspace: /Users/ashina/Kayra/src/cwts-ultra/Cargo.toml
warning: profiles for the non root package will be ignored, specify profiles at the workspace root:
package:   /Users/ashina/Kayra/src/cwts-ultra/parasitic/Cargo.toml
workspace: /Users/ashina/Kayra/src/cwts-ultra/Cargo.toml
warning: profiles for the non root package will be ignored, specify profiles at the workspace root:
package:   /Users/ashina/Kayra/src/cwts-ultra/tests/Cargo.toml
workspace: /Users/ashina/Kayra/src/cwts-ultra/Cargo.toml
 Downloading crates ...
  Downloaded spin v0.10.0
  Downloaded toml_parser v1.0.4
  Downloaded toml_datetime v0.7.3
  Downloaded mimalloc v0.1.48
  Downloaded equator-macro v0.4.2
  Downloaded wasm-bindgen-test v0.3.54
  Downloaded aligned-vec v0.6.4
  Downloaded equator v0.4.2
  Downloaded pprof v0.15.0
  Downloaded protobuf-parse v3.7.2
  Downloaded wasm-bindgen-test-macro v0.3.54
  Downloaded toml_edit v0.23.7
  Downloaded half v2.7.0
  Downloaded protobuf-codegen v3.7.2
  Downloaded rust_decimal v1.39.0
  Downloaded libmimalloc-sys v0.1.44
   Compiling unicode-ident v1.0.19
   Compiling proc-macro2 v1.0.101
   Compiling quote v1.0.41
   Compiling libc v0.2.177
   Compiling cfg-if v1.0.3
   Compiling serde_core v1.0.228
   Compiling serde v1.0.228
   Compiling zerocopy v0.8.27
   Compiling parking_lot_core v0.9.12
   Compiling typenum v1.19.0
   Compiling memchr v2.7.6
   Compiling rustix v1.1.2
   Compiling find-msvc-tools v0.1.4
   Compiling generic-array v0.14.8
   Compiling lock_api v0.4.14
   Compiling serde_json v1.0.145
   Compiling rayon-core v1.13.0
   Compiling hashbrown v0.16.0
   Compiling bitflags v2.9.4
   Compiling bytemuck v1.24.0
   Compiling percent-encoding v2.3.2
   Compiling regex-syntax v0.8.7
   Compiling anyhow v1.0.100
   Compiling iana-time-zone v0.1.64
   Compiling stable_deref_trait v1.2.1
   Compiling thread_local v1.1.9
   Compiling anstyle v1.0.13
   Compiling cc v1.2.41
   Compiling form_urlencoded v1.2.2
   Compiling winnow v0.7.13
   Compiling safe_arch v0.7.4
   Compiling anstream v0.6.21
   Compiling tower-http v0.5.2
   Compiling rust_decimal v1.39.0
   Compiling wasm-bindgen-shared v0.2.104
   Compiling raw-cpuid v11.6.0
   Compiling encoding_rs v0.8.35
   Compiling clap_builder v4.5.48
   Compiling aho-corasick v1.1.3
   Compiling spin v0.9.8
   Compiling wide v0.7.33
   Compiling indexmap v2.11.4
   Compiling rayon v1.11.0
   Compiling wasm-bindgen v0.2.104
   Compiling thiserror v1.0.69
   Compiling getrandom v0.3.3
   Compiling rustix v0.38.44
   Compiling syn v2.0.106
   Compiling sys-info v0.9.1
   Compiling libmimalloc-sys v0.1.44
   Compiling syn v1.0.109
   Compiling ring v0.17.14
   Compiling mio v1.0.4
   Compiling socket2 v0.6.1
   Compiling signal-hook-registry v1.4.6
   Compiling getrandom v0.2.16
   Compiling block-buffer v0.10.4
   Compiling crypto-common v0.1.6
   Compiling rand_core v0.6.4
   Compiling errno v0.3.14
   Compiling parking_lot v0.12.5
   Compiling digest v0.10.7
   Compiling num_cpus v1.17.0
   Compiling sha1 v0.10.6
   Compiling sha2 v0.10.9
   Compiling regex-automata v0.4.12
   Compiling rand_core v0.9.3
   Compiling is-terminal v0.4.16
   Compiling memmap2 v0.9.8
   Compiling wait-timeout v0.2.1
   Compiling dashmap v6.1.0
   Compiling rand v0.9.2
   Compiling rand_xorshift v0.4.0
   Compiling core-foundation v0.9.4
   Compiling security-framework-sys v2.15.0
   Compiling socket2 v0.5.10
   Compiling serde_path_to_error v0.1.20
   Compiling system-configuration-sys v0.5.0
   Compiling quanta v0.12.6
   Compiling security-framework v2.11.1
   Compiling system-configuration v0.5.1
   Compiling hmac v0.12.1
   Compiling tempfile v3.23.0
   Compiling once_cell v1.21.3
   Compiling rusty-fork v0.3.1
   Compiling protobuf v3.7.2
   Compiling home v0.5.11
   Compiling fastrand v2.3.0
   Compiling either v1.15.0
   Compiling getrandom v0.1.16
   Compiling object v0.37.3
   Compiling findshlibs v0.10.2
   Compiling gimli v0.32.3
   Compiling futures-lite v1.13.0
   Compiling rand_core v0.5.1
   Compiling cpp_demangle v0.4.5
   Compiling quick-xml v0.26.0
   Compiling rgb v0.8.52
   Compiling predicates v3.1.3
   Compiling nix v0.26.4
   Compiling spin v0.10.0
   Compiling termcolor v1.4.1
   Compiling humantime v2.3.0
   Compiling fragile v2.0.1
   Compiling downcast v0.11.0
   Compiling native-tls v0.2.14
   Compiling nalgebra-macros v0.1.0
   Compiling which v4.4.2
   Compiling mimalloc v0.1.48
   Compiling synstructure v0.13.2
   Compiling test-case-core v3.3.1
   Compiling wasm-bindgen-backend v0.2.104
   Compiling serde_derive v1.0.228
   Compiling zerocopy-derive v0.8.27
   Compiling tokio-macros v2.5.0
   Compiling thiserror-impl v1.0.69
   Compiling tracing-attributes v0.1.30
   Compiling futures-macro v0.3.31
   Compiling async-trait v0.1.89
   Compiling nalgebra-macros v0.2.2
   Compiling zerovec-derive v0.11.1
   Compiling displaydoc v0.2.5
   Compiling clap_derive v4.5.47
   Compiling async-stream-impl v0.3.6
   Compiling thiserror-impl v2.0.17
   Compiling curve25519-dalek-derive v0.1.1
   Compiling quickcheck_macros v1.1.0
   Compiling equator-macro v0.4.2
   Compiling wasm-bindgen-test-macro v0.3.54
   Compiling mockall_derive v0.12.1
   Compiling zerofrom-derive v0.1.6
   Compiling yoke-derive v0.8.0
   Compiling async-stream v0.3.6
   Compiling test-case-macros v3.3.1
   Compiling regex v1.12.1
   Compiling matchers v0.2.0
   Compiling curve25519-dalek v4.1.3
   Compiling tokio v1.47.1
   Compiling equator v0.4.2
   Compiling futures-util v0.3.31
   Compiling test-case v3.3.1
   Compiling aligned-vec v0.6.4
   Compiling zerofrom v0.1.6
   Compiling env_logger v0.8.4
   Compiling env_logger v0.10.2
   Compiling tracing v0.1.41
   Compiling yoke v0.8.0
   Compiling thiserror v2.0.17
   Compiling protobuf-support v3.7.2
   Compiling wasm-bindgen-macro-support v0.2.104
   Compiling tracing-subscriber v0.3.20
   Compiling tower v0.4.13
   Compiling zerovec v0.11.4
   Compiling zerotrie v0.2.2
   Compiling ed25519-dalek v2.2.0
   Compiling clap v4.5.48
   Compiling addr2line v0.25.1
   Compiling wasm-bindgen-macro v0.2.104
   Compiling mockall v0.12.1
   Compiling tinystr v0.8.1
   Compiling potential_utf v0.1.3
   Compiling icu_collections v2.0.0
   Compiling icu_locale_core v2.0.0
   Compiling backtrace v0.3.76
   Compiling num-complex v0.4.6
   Compiling serde_urlencoded v0.7.1
   Compiling uuid v1.18.1
   Compiling chrono v0.4.42
   Compiling serde_spanned v0.6.9
   Compiling toml_datetime v0.6.11
   Compiling tinytemplate v1.2.1
   Compiling ppv-lite86 v0.2.21
   Compiling half v2.7.0
   Compiling toml_edit v0.22.27
   Compiling js-sys v0.3.81
   Compiling ahash v0.8.12
   Compiling debugid v0.8.0
   Compiling icu_provider v2.0.0
   Compiling serde_qs v0.8.5
   Compiling assert-json-diff v2.0.2
   Compiling ciborium-ll v0.2.2
   Compiling symbolic-common v12.16.3
   Compiling rand_chacha v0.3.1
   Compiling simba v0.9.1
   Compiling ndarray v0.15.6
   Compiling rand_chacha v0.9.0
   Compiling rand v0.8.5
   Compiling futures-executor v0.3.31
   Compiling axum-core v0.4.5
   Compiling proptest v1.8.0
   Compiling futures v0.3.31
   Compiling ciborium v0.2.2
   Compiling icu_properties v2.0.1
   Compiling icu_normalizer v2.0.0
   Compiling simba v0.6.0
   Compiling rand_distr v0.4.3
   Compiling tungstenite v0.24.0
   Compiling criterion v0.5.1
   Compiling quickcheck v1.0.3
   Compiling rand_chacha v0.2.2
   Compiling symbolic-demangle v12.16.3
   Compiling idna_adapter v1.2.1
   Compiling toml v0.8.23
   Compiling prometheus v0.14.0
   Compiling idna v1.1.0
   Compiling tokio-util v0.7.16
   Compiling tokio-tungstenite v0.24.0
   Compiling tower v0.5.2
   Compiling tokio-stream v0.1.17
   Compiling url v2.5.7
   Compiling h2 v0.4.12
   Compiling h2 v0.3.27
   Compiling tokio-native-tls v0.3.1
   Compiling tokio-test v0.4.4
   Compiling protobuf-parse v3.7.2
   Compiling rand v0.7.3
   Compiling deadpool v0.9.5
   Compiling wasm-bindgen-futures v0.4.54
   Compiling simba v0.8.1
   Compiling inferno v0.11.21
   Compiling tungstenite v0.21.0
   Compiling wasm-bindgen-test v0.3.54
   Compiling serde-wasm-bindgen v0.6.5
   Compiling web-sys v0.3.81
   Compiling http-types v2.12.0
   Compiling tokio-tungstenite v0.21.0
   Compiling console_error_panic_hook v0.1.7
   Compiling protobuf-codegen v3.7.2
   Compiling pprof v0.15.0
   Compiling cwts-ultra-wasm v2.0.0 (/Users/ashina/Kayra/src/cwts-ultra/wasm)
   Compiling nalgebra v0.33.2
error: unknown start of token: \
   --> wasm/src/bayesian_var_bindings.rs:361:13
    |
361 |         })?;\n        
    |             ^

error: expected `;`, found keyword `let`
   --> wasm/src/bayesian_var_bindings.rs:361:15
    |
361 |         })?;\n        
    |               ^ help: add `;` here
362 |         let js_result = JSBayesianVaRResult::from(result);
    |         --- unexpected token

error[E0761]: file for module `tests` found at both "wasm/src/tests.rs" and "wasm/src/tests/mod.rs"
  --> wasm/src/lib.rs:17:1
   |
17 | mod tests;
   | ^^^^^^^^^^
   |
   = help: delete or rename one of them to remove the ambiguity

error: unexpected token, expected `;`
   --> wasm/src/bayesian_var_bindings.rs:362:9
    |
362 |         let js_result = JSBayesianVaRResult::from(result);
    |         ^^^

error[E0433]: failed to resolve: use of unresolved module or unlinked crate `cwts_ultra`
 --> wasm/src/probabilistic_bindings.rs:6:5
  |
6 | use cwts_ultra::algorithms::{
  |     ^^^^^^^^^^ use of unresolved module or unlinked crate `cwts_ultra`
  |
  = help: if you wanted to use a crate named `cwts_ultra`, use `cargo add cwts_ultra` to add it to your `Cargo.toml`

error[E0433]: failed to resolve: use of unresolved module or unlinked crate `cwts_ultra`
  --> wasm/src/bayesian_var_bindings.rs:13:5
   |
13 | use cwts_ultra::algorithms::{
   |     ^^^^^^^^^^ use of unresolved module or unlinked crate `cwts_ultra`
   |
   = help: if you wanted to use a crate named `cwts_ultra`, use `cargo add cwts_ultra` to add it to your `Cargo.toml`

error[E0433]: failed to resolve: use of unresolved module or unlinked crate `rand`
   --> wasm/src/probabilistic_bindings.rs:169:9
    |
169 |     use rand::prelude::*;
    |         ^^^^ use of unresolved module or unlinked crate `rand`
    |
    = help: if you wanted to use a crate named `rand`, use `cargo add rand` to add it to your `Cargo.toml`

error[E0433]: failed to resolve: use of unresolved module or unlinked crate `rand`
   --> wasm/src/probabilistic_bindings.rs:233:9
    |
233 |     use rand::prelude::*;
    |         ^^^^ use of unresolved module or unlinked crate `rand`
    |
    = help: if you wanted to use a crate named `rand`, use `cargo add rand` to add it to your `Cargo.toml`

warning: unused imports: `Deserialize` and `Serialize`
 --> wasm/src/probabilistic_bindings.rs:2:13
  |
2 | use serde::{Deserialize, Serialize};
  |             ^^^^^^^^^^^  ^^^^^^^^^
  |
  = note: `#[warn(unused_imports)]` on by default

warning: unused import: `Object`
 --> wasm/src/probabilistic_bindings.rs:3:21
  |
3 | use js_sys::{Array, Object};
  |                     ^^^^^^

warning: unused import: `Date`
 --> wasm/src/bayesian_var_bindings.rs:7:21
  |
7 | use js_sys::{Array, Date, Object, Reflect};
  |                     ^^^^

warning: unused imports: `Deserialize` and `Serialize`
 --> wasm/src/bayesian_var_bindings.rs:9:13
  |
9 | use serde::{Serialize, Deserialize};
  |             ^^^^^^^^^  ^^^^^^^^^^^

warning: unused import: `std::collections::HashMap`
  --> wasm/src/bayesian_var_bindings.rs:10:5
   |
10 | use std::collections::HashMap;
   |     ^^^^^^^^^^^^^^^^^^^^^^^^^

error[E0599]: no function or associated item named `new` found for struct `bayesian_var_bindings::JSBayesianVaREngine` in the current scope
   --> wasm/src/bayesian_var_bindings.rs:670:47
    |
292 | pub struct JSBayesianVaREngine {
    | ------------------------------ function or associated item `new` not found for this struct
...
670 |         let mut engine = JSBayesianVaREngine::new(config);
    |                                               ^^^ function or associated item not found in `bayesian_var_bindings::JSBayesianVaREngine`
    |
    = help: items from traits can only be used if the trait is implemented and in scope
    = note: the following trait defines an item `new`, perhaps you need to implement it:
            candidate #1: `UniformSampler`

   Compiling nalgebra v0.29.0
error[E0599]: no method named `into_serde` found for struct `wasm_bindgen::JsValue` in the current scope
   --> wasm/src/probabilistic_bindings.rs:135:72
    |
135 |         let conditions: HashMap<String, f64> = match market_conditions.into_serde() {
    |                                                                        ^^^^^^^^^^ method not found in `wasm_bindgen::JsValue`

error[E0599]: no method named `into_serde` found for struct `wasm_bindgen::JsValue` in the current scope
   --> wasm/src/probabilistic_bindings.rs:148:72
    |
148 |         let conditions: HashMap<String, f64> = match market_conditions.into_serde() {
    |                                                                        ^^^^^^^^^^ method not found in `wasm_bindgen::JsValue`

error[E0599]: no function or associated item named `from_serde` found for struct `wasm_bindgen::JsValue` in the current scope
   --> wasm/src/probabilistic_bindings.rs:155:32
    |
155 |                 match JsValue::from_serde(&metrics) {
    |                                ^^^^^^^^^^ function or associated item not found in `wasm_bindgen::JsValue`
    |
note: if you're trying to build a new `wasm_bindgen::JsValue` consider using one of the following associated functions:
      wasm_bindgen::JsValue::from_str
      wasm_bindgen::JsValue::from_f64
      wasm_bindgen::JsValue::bigint_from_str
      wasm_bindgen::JsValue::from_bool
      and 3 others
   --> /Users/ashina/.cargo/registry/src/index.crates.io-1949cf8c6b5b557f/wasm-bindgen-0.2.104/src/lib.rs:192:5
    |
192 |     pub fn from_str(s: &str) -> JsValue {
    |     ^^^^^^^^^^^^^^^^^^^^^^^^^^^^^^^^^^^
...
201 |     pub fn from_f64(n: f64) -> JsValue {
    |     ^^^^^^^^^^^^^^^^^^^^^^^^^^^^^^^^^^
...
210 |     pub fn bigint_from_str(s: &str) -> JsValue {
    |     ^^^^^^^^^^^^^^^^^^^^^^^^^^^^^^^^^^^^^^^^^^
...
219 |     pub const fn from_bool(b: bool) -> JsValue {
    |     ^^^^^^^^^^^^^^^^^^^^^^^^^^^^^^^^^^^^^^^^^^
help: there is an associated function `from_str` with a similar name
    |
155 -                 match JsValue::from_serde(&metrics) {
155 +                 match JsValue::from_str(&metrics) {
    |

error[E0433]: failed to resolve: use of undeclared type `StdRng`
   --> wasm/src/probabilistic_bindings.rs:172:19
    |
172 |     let mut rng = StdRng::from_entropy();
    |                   ^^^^^^
    |                   |
    |                   use of undeclared type `StdRng`
    |                   help: a struct with a similar name exists: `String`

error[E0599]: no method named `sample` found for struct `rand_distr::Normal` in the current scope
   --> wasm/src/probabilistic_bindings.rs:178:28
    |
178 |         let noise = normal.sample(&mut rng) * noise_level;
    |                            ^^^^^^
    |
   ::: /Users/ashina/.cargo/registry/src/index.crates.io-1949cf8c6b5b557f/rand-0.8.5/src/distributions/distribution.rs:37:8
    |
37  |     fn sample<R: Rng + ?Sized>(&self, rng: &mut R) -> T;
    |        ------ the method is available for `rand_distr::Normal<{float}>` here
    |
    = help: items from traits can only be used if the trait is in scope
help: trait `Distribution` which provides `sample` is implemented but not in scope; perhaps you want to import it
    |
1   + use rand_distr::Distribution;
    |
help: there is a method `sample_iter` with a similar name
    |
178 |         let noise = normal.sample_iter(&mut rng) * noise_level;
    |                                  +++++

error[E0599]: no method named `sample` found for struct `rand_distr::Normal` in the current scope
   --> wasm/src/probabilistic_bindings.rs:180:56
    |
180 |         let volatility_component = volatility * normal.sample(&mut rng);
    |                                                        ^^^^^^
    |
   ::: /Users/ashina/.cargo/registry/src/index.crates.io-1949cf8c6b5b557f/rand-0.8.5/src/distributions/distribution.rs:37:8
    |
37  |     fn sample<R: Rng + ?Sized>(&self, rng: &mut R) -> T;
    |        ------ the method is available for `rand_distr::Normal<{float}>` here
    |
    = help: items from traits can only be used if the trait is in scope
help: trait `Distribution` which provides `sample` is implemented but not in scope; perhaps you want to import it
    |
1   + use rand_distr::Distribution;
    |
help: there is a method `sample_iter` with a similar name
    |
180 |         let volatility_component = volatility * normal.sample_iter(&mut rng);
    |                                                              +++++

error[E0433]: failed to resolve: use of undeclared type `StdRng`
   --> wasm/src/probabilistic_bindings.rs:235:19
    |
235 |     let mut rng = StdRng::seed_from_u64(42);
    |                   ^^^^^^
    |                   |
    |                   use of undeclared type `StdRng`
    |                   help: a struct with a similar name exists: `String`

error[E0599]: no method named `sample` found for struct `rand_distr::Normal` in the current scope
   --> wasm/src/probabilistic_bindings.rs:237:53
    |
237 |     let returns: Vec<f64> = (0..252).map(|_| normal.sample(&mut rng)).collect();
    |                                                     ^^^^^^
    |
   ::: /Users/ashina/.cargo/registry/src/index.crates.io-1949cf8c6b5b557f/rand-0.8.5/src/distributions/distribution.rs:37:8
    |
37  |     fn sample<R: Rng + ?Sized>(&self, rng: &mut R) -> T;
    |        ------ the method is available for `rand_distr::Normal<{float}>` here
    |
    = help: items from traits can only be used if the trait is in scope
help: trait `Distribution` which provides `sample` is implemented but not in scope; perhaps you want to import it
    |
1   + use rand_distr::Distribution;
    |
help: there is a method `sample_iter` with a similar name
    |
237 |     let returns: Vec<f64> = (0..252).map(|_| normal.sample_iter(&mut rng)).collect();
    |                                                           +++++

error[E0433]: failed to resolve: use of unresolved module or unlinked crate `wasm_bindgen_futures`
   --> wasm/src/bayesian_var_bindings.rs:564:1
    |
564 | #[wasm_bindgen]
    | ^^^^^^^^^^^^^^^ use of unresolved module or unlinked crate `wasm_bindgen_futures`
    |
    = note: this error originates in the attribute macro `wasm_bindgen` (in Nightly builds, run with -Z macro-backtrace for more info)
help: there is a crate or module with a similar name
    |
564 - #[wasm_bindgen]
564 + wasm_bindgen_test
    |

Some errors have detailed explanations: E0433, E0599, E0761.
For more information about an error, try `rustc --explain E0433`.
warning: `cwts-ultra-wasm` (lib test) generated 5 warnings
error: could not compile `cwts-ultra-wasm` (lib test) due to 18 previous errors; 5 warnings emitted
warning: build failed, waiting for other jobs to finish...
