{"$message_type":"diagnostic","message":"unresolved import `approx`","code":{"code":"E0432","explanation":"An import was unresolved.\n\nErroneous code example:\n\n```compile_fail,E0432\nuse something::Foo; // error: unresolved import `something::Foo`.\n```\n\nIn Rust 2015, paths in `use` statements are relative to the crate root. To\nimport items relative to the current and parent modules, use the `self::` and\n`super::` prefixes, respectively.\n\nIn Rust 2018 or later, paths in `use` statements are relative to the current\nmodule unless they begin with the name of a crate or a literal `crate::`, in\nwhich case they start from the crate root. As in Rust 2015 code, the `self::`\nand `super::` prefixes refer to the current and parent modules respectively.\n\nAlso verify that you didn't misspell the import name and that the import exists\nin the module from where you tried to import it. Example:\n\n```\nuse self::something::Foo; // Ok.\n\nmod something {\n    pub struct Foo;\n}\n# fn main() {}\n```\n\nIf you tried to use a module from an external crate and are using Rust 2015,\nyou may have missed the `extern crate` declaration (which is usually placed in\nthe crate root):\n\n```edition2015\nextern crate core; // Required to use the `core` crate in Rust 2015.\n\nuse core::any;\n# fn main() {}\n```\n\nSince Rust 2018 the `extern crate` declaration is not required and\nyou can instead just `use` it:\n\n```edition2018\nuse core::any; // No extern crate required in Rust 2018.\n# fn main() {}\n```\n"},"level":"error","spans":[{"file_name":"crates/hyperphysics-pbit/tests/proptest_coupling.rs","byte_start":194,"byte_end":200,"line_start":7,"line_end":7,"column_start":5,"column_end":11,"is_primary":true,"text":[{"text":"use approx::assert_relative_eq;","highlight_start":5,"highlight_end":11}],"label":"use of unresolved module or unlinked crate `approx`","suggested_replacement":null,"suggestion_applicability":null,"expansion":null}],"children":[{"message":"if you wanted to use a crate named `approx`, use `cargo add approx` to add it to your `Cargo.toml`","code":null,"level":"help","spans":[],"children":[],"rendered":null}],"rendered":"\u001b[1m\u001b[91merror[E0432]\u001b[0m\u001b[1m: unresolved import `approx`\u001b[0m\n \u001b[1m\u001b[94m--> \u001b[0mcrates/hyperphysics-pbit/tests/proptest_coupling.rs:7:5\n  \u001b[1m\u001b[94m|\u001b[0m\n\u001b[1m\u001b[94m7\u001b[0m \u001b[1m\u001b[94m|\u001b[0m use approx::assert_relative_eq;\n  \u001b[1m\u001b[94m|\u001b[0m     \u001b[1m\u001b[91m^^^^^^\u001b[0m \u001b[1m\u001b[91muse of unresolved module or unlinked crate `approx`\u001b[0m\n  \u001b[1m\u001b[94m|\u001b[0m\n  \u001b[1m\u001b[94m= \u001b[0m\u001b[1mhelp\u001b[0m: if you wanted to use a crate named `approx`, use `cargo add approx` to add it to your `Cargo.toml`\n\n"}
{"$message_type":"diagnostic","message":"this function takes 1 argument but 2 arguments were supplied","code":{"code":"E0061","explanation":"An invalid number of arguments was passed when calling a function.\n\nErroneous code example:\n\n```compile_fail,E0061\nfn f(u: i32) {}\n\nf(); // error!\n```\n\nThe number of arguments passed to a function must match the number of arguments\nspecified in the function signature.\n\nFor example, a function like:\n\n```\nfn f(a: u16, b: &str) {}\n```\n\nMust always be called with exactly two arguments, e.g., `f(2, \"test\")`.\n\nNote that Rust does not have a notion of optional function arguments or\nvariadic functions (except for its C-FFI).\n"},"level":"error","spans":[{"file_name":"crates/hyperphysics-pbit/tests/proptest_coupling.rs","byte_start":1241,"byte_end":1244,"line_start":40,"line_end":40,"column_start":58,"column_end":61,"is_primary":false,"text":[{"text":"            let sim1 = GillespieSimulator::new(lattice1, 1.0);","highlight_start":58,"highlight_end":61}],"label":"unexpected argument #2 of type `{float}`","suggested_replacement":null,"suggestion_applicability":null,"expansion":null},{"file_name":"crates/hyperphysics-pbit/tests/proptest_coupling.rs","byte_start":1207,"byte_end":1230,"line_start":40,"line_end":40,"column_start":24,"column_end":47,"is_primary":true,"text":[{"text":"            let sim1 = GillespieSimulator::new(lattice1, 1.0);","highlight_start":24,"highlight_end":47}],"label":null,"suggested_replacement":null,"suggestion_applicability":null,"expansion":null}],"children":[{"message":"associated function defined here","code":null,"level":"note","spans":[{"file_name":"/Users/ashina/Desktop/Kurultay/HyperPhysics/crates/hyperphysics-pbit/src/gillespie.rs","byte_start":812,"byte_end":815,"line_start":26,"line_end":26,"column_start":12,"column_end":15,"is_primary":true,"text":[{"text":"    pub fn new(lattice: PBitLattice) -> Self {","highlight_start":12,"highlight_end":15}],"label":null,"suggested_replacement":null,"suggestion_applicability":null,"expansion":null}],"children":[],"rendered":null},{"message":"remove the extra argument","code":null,"level":"help","spans":[{"file_name":"crates/hyperphysics-pbit/tests/proptest_coupling.rs","byte_start":1239,"byte_end":1244,"line_start":40,"line_end":40,"column_start":56,"column_end":61,"is_primary":true,"text":[{"text":"            let sim1 = GillespieSimulator::new(lattice1, 1.0);","highlight_start":56,"highlight_end":61}],"label":null,"suggested_replacement":"","suggestion_applicability":"HasPlaceholders","expansion":null}],"children":[],"rendered":null}],"rendered":"\u001b[1m\u001b[91merror[E0061]\u001b[0m\u001b[1m: this function takes 1 argument but 2 arguments were supplied\u001b[0m\n  \u001b[1m\u001b[94m--> \u001b[0mcrates/hyperphysics-pbit/tests/proptest_coupling.rs:40:24\n   \u001b[1m\u001b[94m|\u001b[0m\n\u001b[1m\u001b[94m40\u001b[0m \u001b[1m\u001b[94m|\u001b[0m             let sim1 = GillespieSimulator::new(lattice1, 1.0);\n   \u001b[1m\u001b[94m|\u001b[0m                        \u001b[1m\u001b[91m^^^^^^^^^^^^^^^^^^^^^^^\u001b[0m           \u001b[1m\u001b[94m---\u001b[0m \u001b[1m\u001b[94munexpected argument #2 of type `{float}`\u001b[0m\n   \u001b[1m\u001b[94m|\u001b[0m\n\u001b[1m\u001b[92mnote\u001b[0m: associated function defined here\n  \u001b[1m\u001b[94m--> \u001b[0m/Users/ashina/Desktop/Kurultay/HyperPhysics/crates/hyperphysics-pbit/src/gillespie.rs:26:12\n   \u001b[1m\u001b[94m|\u001b[0m\n\u001b[1m\u001b[94m26\u001b[0m \u001b[1m\u001b[94m|\u001b[0m     pub fn new(lattice: PBitLattice) -> Self {\n   \u001b[1m\u001b[94m|\u001b[0m            \u001b[1m\u001b[92m^^^\u001b[0m\n\u001b[1m\u001b[96mhelp\u001b[0m: remove the extra argument\n   \u001b[1m\u001b[94m|\u001b[0m\n\u001b[1m\u001b[94m40\u001b[0m \u001b[91m- \u001b[0m            let sim1 = GillespieSimulator::new(lattice1\u001b[91m, 1.0\u001b[0m);\n\u001b[1m\u001b[94m40\u001b[0m \u001b[92m+ \u001b[0m            let sim1 = GillespieSimulator::new(lattice1);\n   \u001b[1m\u001b[94m|\u001b[0m\n\n"}
{"$message_type":"diagnostic","message":"this function takes 1 argument but 2 arguments were supplied","code":{"code":"E0061","explanation":"An invalid number of arguments was passed when calling a function.\n\nErroneous code example:\n\n```compile_fail,E0061\nfn f(u: i32) {}\n\nf(); // error!\n```\n\nThe number of arguments passed to a function must match the number of arguments\nspecified in the function signature.\n\nFor example, a function like:\n\n```\nfn f(a: u16, b: &str) {}\n```\n\nMust always be called with exactly two arguments, e.g., `f(2, \"test\")`.\n\nNote that Rust does not have a notion of optional function arguments or\nvariadic functions (except for its C-FFI).\n"},"level":"error","spans":[{"file_name":"crates/hyperphysics-pbit/tests/proptest_coupling.rs","byte_start":1304,"byte_end":1307,"line_start":41,"line_end":41,"column_start":58,"column_end":61,"is_primary":false,"text":[{"text":"            let sim2 = GillespieSimulator::new(lattice2, 1.0);","highlight_start":58,"highlight_end":61}],"label":"unexpected argument #2 of type `{float}`","suggested_replacement":null,"suggestion_applicability":null,"expansion":null},{"file_name":"crates/hyperphysics-pbit/tests/proptest_coupling.rs","byte_start":1270,"byte_end":1293,"line_start":41,"line_end":41,"column_start":24,"column_end":47,"is_primary":true,"text":[{"text":"            let sim2 = GillespieSimulator::new(lattice2, 1.0);","highlight_start":24,"highlight_end":47}],"label":null,"suggested_replacement":null,"suggestion_applicability":null,"expansion":null}],"children":[{"message":"associated function defined here","code":null,"level":"note","spans":[{"file_name":"/Users/ashina/Desktop/Kurultay/HyperPhysics/crates/hyperphysics-pbit/src/gillespie.rs","byte_start":812,"byte_end":815,"line_start":26,"line_end":26,"column_start":12,"column_end":15,"is_primary":true,"text":[{"text":"    pub fn new(lattice: PBitLattice) -> Self {","highlight_start":12,"highlight_end":15}],"label":null,"suggested_replacement":null,"suggestion_applicability":null,"expansion":null}],"children":[],"rendered":null},{"message":"remove the extra argument","code":null,"level":"help","spans":[{"file_name":"crates/hyperphysics-pbit/tests/proptest_coupling.rs","byte_start":1302,"byte_end":1307,"line_start":41,"line_end":41,"column_start":56,"column_end":61,"is_primary":true,"text":[{"text":"            let sim2 = GillespieSimulator::new(lattice2, 1.0);","highlight_start":56,"highlight_end":61}],"label":null,"suggested_replacement":"","suggestion_applicability":"HasPlaceholders","expansion":null}],"children":[],"rendered":null}],"rendered":"\u001b[1m\u001b[91merror[E0061]\u001b[0m\u001b[1m: this function takes 1 argument but 2 arguments were supplied\u001b[0m\n  \u001b[1m\u001b[94m--> \u001b[0mcrates/hyperphysics-pbit/tests/proptest_coupling.rs:41:24\n   \u001b[1m\u001b[94m|\u001b[0m\n\u001b[1m\u001b[94m41\u001b[0m \u001b[1m\u001b[94m|\u001b[0m             let sim2 = GillespieSimulator::new(lattice2, 1.0);\n   \u001b[1m\u001b[94m|\u001b[0m                        \u001b[1m\u001b[91m^^^^^^^^^^^^^^^^^^^^^^^\u001b[0m           \u001b[1m\u001b[94m---\u001b[0m \u001b[1m\u001b[94munexpected argument #2 of type `{float}`\u001b[0m\n   \u001b[1m\u001b[94m|\u001b[0m\n\u001b[1m\u001b[92mnote\u001b[0m: associated function defined here\n  \u001b[1m\u001b[94m--> \u001b[0m/Users/ashina/Desktop/Kurultay/HyperPhysics/crates/hyperphysics-pbit/src/gillespie.rs:26:12\n   \u001b[1m\u001b[94m|\u001b[0m\n\u001b[1m\u001b[94m26\u001b[0m \u001b[1m\u001b[94m|\u001b[0m     pub fn new(lattice: PBitLattice) -> Self {\n   \u001b[1m\u001b[94m|\u001b[0m            \u001b[1m\u001b[92m^^^\u001b[0m\n\u001b[1m\u001b[96mhelp\u001b[0m: remove the extra argument\n   \u001b[1m\u001b[94m|\u001b[0m\n\u001b[1m\u001b[94m41\u001b[0m \u001b[91m- \u001b[0m            let sim2 = GillespieSimulator::new(lattice2\u001b[91m, 1.0\u001b[0m);\n\u001b[1m\u001b[94m41\u001b[0m \u001b[92m+ \u001b[0m            let sim2 = GillespieSimulator::new(lattice2);\n   \u001b[1m\u001b[94m|\u001b[0m\n\n"}
{"$message_type":"diagnostic","message":"no method named `total_energy` found for struct `hyperphysics_pbit::GillespieSimulator` in the current scope","code":{"code":"E0599","explanation":"This error occurs when a method is used on a type which doesn't implement it:\n\nErroneous code example:\n\n```compile_fail,E0599\nstruct Mouth;\n\nlet x = Mouth;\nx.chocolate(); // error: no method named `chocolate` found for type `Mouth`\n               //        in the current scope\n```\n\nIn this case, you need to implement the `chocolate` method to fix the error:\n\n```\nstruct Mouth;\n\nimpl Mouth {\n    fn chocolate(&self) { // We implement the `chocolate` method here.\n        println!(\"Hmmm! I love chocolate!\");\n    }\n}\n\nlet x = Mouth;\nx.chocolate(); // ok!\n```\n"},"level":"error","spans":[{"file_name":"crates/hyperphysics-pbit/tests/proptest_coupling.rs","byte_start":1342,"byte_end":1354,"line_start":43,"line_end":43,"column_start":32,"column_end":44,"is_primary":true,"text":[{"text":"            let energy1 = sim1.total_energy();","highlight_start":32,"highlight_end":44}],"label":"method not found in `hyperphysics_pbit::GillespieSimulator`","suggested_replacement":null,"suggestion_applicability":null,"expansion":null}],"children":[],"rendered":"\u001b[1m\u001b[91merror[E0599]\u001b[0m\u001b[1m: no method named `total_energy` found for struct `hyperphysics_pbit::GillespieSimulator` in the current scope\u001b[0m\n  \u001b[1m\u001b[94m--> \u001b[0mcrates/hyperphysics-pbit/tests/proptest_coupling.rs:43:32\n   \u001b[1m\u001b[94m|\u001b[0m\n\u001b[1m\u001b[94m43\u001b[0m \u001b[1m\u001b[94m|\u001b[0m             let energy1 = sim1.total_energy();\n   \u001b[1m\u001b[94m|\u001b[0m                                \u001b[1m\u001b[91m^^^^^^^^^^^^\u001b[0m \u001b[1m\u001b[91mmethod not found in `hyperphysics_pbit::GillespieSimulator`\u001b[0m\n\n"}
{"$message_type":"diagnostic","message":"no method named `total_energy` found for struct `hyperphysics_pbit::GillespieSimulator` in the current scope","code":{"code":"E0599","explanation":"This error occurs when a method is used on a type which doesn't implement it:\n\nErroneous code example:\n\n```compile_fail,E0599\nstruct Mouth;\n\nlet x = Mouth;\nx.chocolate(); // error: no method named `chocolate` found for type `Mouth`\n               //        in the current scope\n```\n\nIn this case, you need to implement the `chocolate` method to fix the error:\n\n```\nstruct Mouth;\n\nimpl Mouth {\n    fn chocolate(&self) { // We implement the `chocolate` method here.\n        println!(\"Hmmm! I love chocolate!\");\n    }\n}\n\nlet x = Mouth;\nx.chocolate(); // ok!\n```\n"},"level":"error","spans":[{"file_name":"crates/hyperphysics-pbit/tests/proptest_coupling.rs","byte_start":1389,"byte_end":1401,"line_start":44,"line_end":44,"column_start":32,"column_end":44,"is_primary":true,"text":[{"text":"            let energy2 = sim2.total_energy();","highlight_start":32,"highlight_end":44}],"label":"method not found in `hyperphysics_pbit::GillespieSimulator`","suggested_replacement":null,"suggestion_applicability":null,"expansion":null}],"children":[],"rendered":"\u001b[1m\u001b[91merror[E0599]\u001b[0m\u001b[1m: no method named `total_energy` found for struct `hyperphysics_pbit::GillespieSimulator` in the current scope\u001b[0m\n  \u001b[1m\u001b[94m--> \u001b[0mcrates/hyperphysics-pbit/tests/proptest_coupling.rs:44:32\n   \u001b[1m\u001b[94m|\u001b[0m\n\u001b[1m\u001b[94m44\u001b[0m \u001b[1m\u001b[94m|\u001b[0m             let energy2 = sim2.total_energy();\n   \u001b[1m\u001b[94m|\u001b[0m                                \u001b[1m\u001b[91m^^^^^^^^^^^^\u001b[0m \u001b[1m\u001b[91mmethod not found in `hyperphysics_pbit::GillespieSimulator`\u001b[0m\n\n"}
{"$message_type":"diagnostic","message":"this function takes 1 argument but 2 arguments were supplied","code":{"code":"E0061","explanation":"An invalid number of arguments was passed when calling a function.\n\nErroneous code example:\n\n```compile_fail,E0061\nfn f(u: i32) {}\n\nf(); // error!\n```\n\nThe number of arguments passed to a function must match the number of arguments\nspecified in the function signature.\n\nFor example, a function like:\n\n```\nfn f(a: u16, b: &str) {}\n```\n\nMust always be called with exactly two arguments, e.g., `f(2, \"test\")`.\n\nNote that Rust does not have a notion of optional function arguments or\nvariadic functions (except for its C-FFI).\n"},"level":"error","spans":[{"file_name":"crates/hyperphysics-pbit/tests/proptest_coupling.rs","byte_start":2153,"byte_end":2156,"line_start":62,"line_end":62,"column_start":68,"column_end":71,"is_primary":false,"text":[{"text":"            let sim_ferro = GillespieSimulator::new(lattice_ferro, 1.0);","highlight_start":68,"highlight_end":71}],"label":"unexpected argument #2 of type `{float}`","suggested_replacement":null,"suggestion_applicability":null,"expansion":null},{"file_name":"crates/hyperphysics-pbit/tests/proptest_coupling.rs","byte_start":2114,"byte_end":2137,"line_start":62,"line_end":62,"column_start":29,"column_end":52,"is_primary":true,"text":[{"text":"            let sim_ferro = GillespieSimulator::new(lattice_ferro, 1.0);","highlight_start":29,"highlight_end":52}],"label":null,"suggested_replacement":null,"suggestion_applicability":null,"expansion":null}],"children":[{"message":"associated function defined here","code":null,"level":"note","spans":[{"file_name":"/Users/ashina/Desktop/Kurultay/HyperPhysics/crates/hyperphysics-pbit/src/gillespie.rs","byte_start":812,"byte_end":815,"line_start":26,"line_end":26,"column_start":12,"column_end":15,"is_primary":true,"text":[{"text":"    pub fn new(lattice: PBitLattice) -> Self {","highlight_start":12,"highlight_end":15}],"label":null,"suggested_replacement":null,"suggestion_applicability":null,"expansion":null}],"children":[],"rendered":null},{"message":"remove the extra argument","code":null,"level":"help","spans":[{"file_name":"crates/hyperphysics-pbit/tests/proptest_coupling.rs","byte_start":2151,"byte_end":2156,"line_start":62,"line_end":62,"column_start":66,"column_end":71,"is_primary":true,"text":[{"text":"            let sim_ferro = GillespieSimulator::new(lattice_ferro, 1.0);","highlight_start":66,"highlight_end":71}],"label":null,"suggested_replacement":"","suggestion_applicability":"HasPlaceholders","expansion":null}],"children":[],"rendered":null}],"rendered":"\u001b[1m\u001b[91merror[E0061]\u001b[0m\u001b[1m: this function takes 1 argument but 2 arguments were supplied\u001b[0m\n  \u001b[1m\u001b[94m--> \u001b[0mcrates/hyperphysics-pbit/tests/proptest_coupling.rs:62:29\n   \u001b[1m\u001b[94m|\u001b[0m\n\u001b[1m\u001b[94m62\u001b[0m \u001b[1m\u001b[94m|\u001b[0m             let sim_ferro = GillespieSimulator::new(lattice_ferro, 1.0);\n   \u001b[1m\u001b[94m|\u001b[0m                             \u001b[1m\u001b[91m^^^^^^^^^^^^^^^^^^^^^^^\u001b[0m                \u001b[1m\u001b[94m---\u001b[0m \u001b[1m\u001b[94munexpected argument #2 of type `{float}`\u001b[0m\n   \u001b[1m\u001b[94m|\u001b[0m\n\u001b[1m\u001b[92mnote\u001b[0m: associated function defined here\n  \u001b[1m\u001b[94m--> \u001b[0m/Users/ashina/Desktop/Kurultay/HyperPhysics/crates/hyperphysics-pbit/src/gillespie.rs:26:12\n   \u001b[1m\u001b[94m|\u001b[0m\n\u001b[1m\u001b[94m26\u001b[0m \u001b[1m\u001b[94m|\u001b[0m     pub fn new(lattice: PBitLattice) -> Self {\n   \u001b[1m\u001b[94m|\u001b[0m            \u001b[1m\u001b[92m^^^\u001b[0m\n\u001b[1m\u001b[96mhelp\u001b[0m: remove the extra argument\n   \u001b[1m\u001b[94m|\u001b[0m\n\u001b[1m\u001b[94m62\u001b[0m \u001b[91m- \u001b[0m            let sim_ferro = GillespieSimulator::new(lattice_ferro\u001b[91m, 1.0\u001b[0m);\n\u001b[1m\u001b[94m62\u001b[0m \u001b[92m+ \u001b[0m            let sim_ferro = GillespieSimulator::new(lattice_ferro);\n   \u001b[1m\u001b[94m|\u001b[0m\n\n"}
{"$message_type":"diagnostic","message":"this function takes 1 argument but 2 arguments were supplied","code":{"code":"E0061","explanation":"An invalid number of arguments was passed when calling a function.\n\nErroneous code example:\n\n```compile_fail,E0061\nfn f(u: i32) {}\n\nf(); // error!\n```\n\nThe number of arguments passed to a function must match the number of arguments\nspecified in the function signature.\n\nFor example, a function like:\n\n```\nfn f(a: u16, b: &str) {}\n```\n\nMust always be called with exactly two arguments, e.g., `f(2, \"test\")`.\n\nNote that Rust does not have a notion of optional function arguments or\nvariadic functions (except for its C-FFI).\n"},"level":"error","spans":[{"file_name":"crates/hyperphysics-pbit/tests/proptest_coupling.rs","byte_start":2234,"byte_end":2237,"line_start":63,"line_end":63,"column_start":76,"column_end":79,"is_primary":false,"text":[{"text":"            let sim_antiferro = GillespieSimulator::new(lattice_antiferro, 1.0);","highlight_start":76,"highlight_end":79}],"label":"unexpected argument #2 of type `{float}`","suggested_replacement":null,"suggestion_applicability":null,"expansion":null},{"file_name":"crates/hyperphysics-pbit/tests/proptest_coupling.rs","byte_start":2191,"byte_end":2214,"line_start":63,"line_end":63,"column_start":33,"column_end":56,"is_primary":true,"text":[{"text":"            let sim_antiferro = GillespieSimulator::new(lattice_antiferro, 1.0);","highlight_start":33,"highlight_end":56}],"label":null,"suggested_replacement":null,"suggestion_applicability":null,"expansion":null}],"children":[{"message":"associated function defined here","code":null,"level":"note","spans":[{"file_name":"/Users/ashina/Desktop/Kurultay/HyperPhysics/crates/hyperphysics-pbit/src/gillespie.rs","byte_start":812,"byte_end":815,"line_start":26,"line_end":26,"column_start":12,"column_end":15,"is_primary":true,"text":[{"text":"    pub fn new(lattice: PBitLattice) -> Self {","highlight_start":12,"highlight_end":15}],"label":null,"suggested_replacement":null,"suggestion_applicability":null,"expansion":null}],"children":[],"rendered":null},{"message":"remove the extra argument","code":null,"level":"help","spans":[{"file_name":"crates/hyperphysics-pbit/tests/proptest_coupling.rs","byte_start":2232,"byte_end":2237,"line_start":63,"line_end":63,"column_start":74,"column_end":79,"is_primary":true,"text":[{"text":"            let sim_antiferro = GillespieSimulator::new(lattice_antiferro, 1.0);","highlight_start":74,"highlight_end":79}],"label":null,"suggested_replacement":"","suggestion_applicability":"HasPlaceholders","expansion":null}],"children":[],"rendered":null}],"rendered":"\u001b[1m\u001b[91merror[E0061]\u001b[0m\u001b[1m: this function takes 1 argument but 2 arguments were supplied\u001b[0m\n  \u001b[1m\u001b[94m--> \u001b[0mcrates/hyperphysics-pbit/tests/proptest_coupling.rs:63:33\n   \u001b[1m\u001b[94m|\u001b[0m\n\u001b[1m\u001b[94m63\u001b[0m \u001b[1m\u001b[94m|\u001b[0m             let sim_antiferro = GillespieSimulator::new(lattice_antiferro, 1.0);\n   \u001b[1m\u001b[94m|\u001b[0m                                 \u001b[1m\u001b[91m^^^^^^^^^^^^^^^^^^^^^^^\u001b[0m                    \u001b[1m\u001b[94m---\u001b[0m \u001b[1m\u001b[94munexpected argument #2 of type `{float}`\u001b[0m\n   \u001b[1m\u001b[94m|\u001b[0m\n\u001b[1m\u001b[92mnote\u001b[0m: associated function defined here\n  \u001b[1m\u001b[94m--> \u001b[0m/Users/ashina/Desktop/Kurultay/HyperPhysics/crates/hyperphysics-pbit/src/gillespie.rs:26:12\n   \u001b[1m\u001b[94m|\u001b[0m\n\u001b[1m\u001b[94m26\u001b[0m \u001b[1m\u001b[94m|\u001b[0m     pub fn new(lattice: PBitLattice) -> Self {\n   \u001b[1m\u001b[94m|\u001b[0m            \u001b[1m\u001b[92m^^^\u001b[0m\n\u001b[1m\u001b[96mhelp\u001b[0m: remove the extra argument\n   \u001b[1m\u001b[94m|\u001b[0m\n\u001b[1m\u001b[94m63\u001b[0m \u001b[91m- \u001b[0m            let sim_antiferro = GillespieSimulator::new(lattice_antiferro\u001b[91m, 1.0\u001b[0m);\n\u001b[1m\u001b[94m63\u001b[0m \u001b[92m+ \u001b[0m            let sim_antiferro = GillespieSimulator::new(lattice_antiferro);\n   \u001b[1m\u001b[94m|\u001b[0m\n\n"}
{"$message_type":"diagnostic","message":"no method named `total_energy` found for struct `hyperphysics_pbit::GillespieSimulator` in the current scope","code":{"code":"E0599","explanation":"This error occurs when a method is used on a type which doesn't implement it:\n\nErroneous code example:\n\n```compile_fail,E0599\nstruct Mouth;\n\nlet x = Mouth;\nx.chocolate(); // error: no method named `chocolate` found for type `Mouth`\n               //        in the current scope\n```\n\nIn this case, you need to implement the `chocolate` method to fix the error:\n\n```\nstruct Mouth;\n\nimpl Mouth {\n    fn chocolate(&self) { // We implement the `chocolate` method here.\n        println!(\"Hmmm! I love chocolate!\");\n    }\n}\n\nlet x = Mouth;\nx.chocolate(); // ok!\n```\n"},"level":"error","spans":[{"file_name":"crates/hyperphysics-pbit/tests/proptest_coupling.rs","byte_start":2282,"byte_end":2294,"line_start":65,"line_end":65,"column_start":42,"column_end":54,"is_primary":true,"text":[{"text":"            let energy_ferro = sim_ferro.total_energy();","highlight_start":42,"highlight_end":54}],"label":"method not found in `hyperphysics_pbit::GillespieSimulator`","suggested_replacement":null,"suggestion_applicability":null,"expansion":null}],"children":[],"rendered":"\u001b[1m\u001b[91merror[E0599]\u001b[0m\u001b[1m: no method named `total_energy` found for struct `hyperphysics_pbit::GillespieSimulator` in the current scope\u001b[0m\n  \u001b[1m\u001b[94m--> \u001b[0mcrates/hyperphysics-pbit/tests/proptest_coupling.rs:65:42\n   \u001b[1m\u001b[94m|\u001b[0m\n\u001b[1m\u001b[94m65\u001b[0m \u001b[1m\u001b[94m|\u001b[0m             let energy_ferro = sim_ferro.total_energy();\n   \u001b[1m\u001b[94m|\u001b[0m                                          \u001b[1m\u001b[91m^^^^^^^^^^^^\u001b[0m \u001b[1m\u001b[91mmethod not found in `hyperphysics_pbit::GillespieSimulator`\u001b[0m\n\n"}
{"$message_type":"diagnostic","message":"no method named `total_energy` found for struct `hyperphysics_pbit::GillespieSimulator` in the current scope","code":{"code":"E0599","explanation":"This error occurs when a method is used on a type which doesn't implement it:\n\nErroneous code example:\n\n```compile_fail,E0599\nstruct Mouth;\n\nlet x = Mouth;\nx.chocolate(); // error: no method named `chocolate` found for type `Mouth`\n               //        in the current scope\n```\n\nIn this case, you need to implement the `chocolate` method to fix the error:\n\n```\nstruct Mouth;\n\nimpl Mouth {\n    fn chocolate(&self) { // We implement the `chocolate` method here.\n        println!(\"Hmmm! I love chocolate!\");\n    }\n}\n\nlet x = Mouth;\nx.chocolate(); // ok!\n```\n"},"level":"error","spans":[{"file_name":"crates/hyperphysics-pbit/tests/proptest_coupling.rs","byte_start":2347,"byte_end":2359,"line_start":66,"line_end":66,"column_start":50,"column_end":62,"is_primary":true,"text":[{"text":"            let energy_antiferro = sim_antiferro.total_energy();","highlight_start":50,"highlight_end":62}],"label":"method not found in `hyperphysics_pbit::GillespieSimulator`","suggested_replacement":null,"suggestion_applicability":null,"expansion":null}],"children":[],"rendered":"\u001b[1m\u001b[91merror[E0599]\u001b[0m\u001b[1m: no method named `total_energy` found for struct `hyperphysics_pbit::GillespieSimulator` in the current scope\u001b[0m\n  \u001b[1m\u001b[94m--> \u001b[0mcrates/hyperphysics-pbit/tests/proptest_coupling.rs:66:50\n   \u001b[1m\u001b[94m|\u001b[0m\n\u001b[1m\u001b[94m66\u001b[0m \u001b[1m\u001b[94m|\u001b[0m             let energy_antiferro = sim_antiferro.total_energy();\n   \u001b[1m\u001b[94m|\u001b[0m                                                  \u001b[1m\u001b[91m^^^^^^^^^^^^\u001b[0m \u001b[1m\u001b[91mmethod not found in `hyperphysics_pbit::GillespieSimulator`\u001b[0m\n\n"}
{"$message_type":"diagnostic","message":"this function takes 1 argument but 2 arguments were supplied","code":{"code":"E0061","explanation":"An invalid number of arguments was passed when calling a function.\n\nErroneous code example:\n\n```compile_fail,E0061\nfn f(u: i32) {}\n\nf(); // error!\n```\n\nThe number of arguments passed to a function must match the number of arguments\nspecified in the function signature.\n\nFor example, a function like:\n\n```\nfn f(a: u16, b: &str) {}\n```\n\nMust always be called with exactly two arguments, e.g., `f(2, \"test\")`.\n\nNote that Rust does not have a notion of optional function arguments or\nvariadic functions (except for its C-FFI).\n"},"level":"error","spans":[{"file_name":"crates/hyperphysics-pbit/tests/proptest_coupling.rs","byte_start":2829,"byte_end":2832,"line_start":84,"line_end":84,"column_start":60,"column_end":63,"is_primary":false,"text":[{"text":"            let mut sim = GillespieSimulator::new(lattice, 1.0);","highlight_start":60,"highlight_end":63}],"label":"unexpected argument #2 of type `{float}`","suggested_replacement":null,"suggestion_applicability":null,"expansion":null},{"file_name":"crates/hyperphysics-pbit/tests/proptest_coupling.rs","byte_start":2796,"byte_end":2819,"line_start":84,"line_end":84,"column_start":27,"column_end":50,"is_primary":true,"text":[{"text":"            let mut sim = GillespieSimulator::new(lattice, 1.0);","highlight_start":27,"highlight_end":50}],"label":null,"suggested_replacement":null,"suggestion_applicability":null,"expansion":null}],"children":[{"message":"associated function defined here","code":null,"level":"note","spans":[{"file_name":"/Users/ashina/Desktop/Kurultay/HyperPhysics/crates/hyperphysics-pbit/src/gillespie.rs","byte_start":812,"byte_end":815,"line_start":26,"line_end":26,"column_start":12,"column_end":15,"is_primary":true,"text":[{"text":"    pub fn new(lattice: PBitLattice) -> Self {","highlight_start":12,"highlight_end":15}],"label":null,"suggested_replacement":null,"suggestion_applicability":null,"expansion":null}],"children":[],"rendered":null},{"message":"remove the extra argument","code":null,"level":"help","spans":[{"file_name":"crates/hyperphysics-pbit/tests/proptest_coupling.rs","byte_start":2827,"byte_end":2832,"line_start":84,"line_end":84,"column_start":58,"column_end":63,"is_primary":true,"text":[{"text":"            let mut sim = GillespieSimulator::new(lattice, 1.0);","highlight_start":58,"highlight_end":63}],"label":null,"suggested_replacement":"","suggestion_applicability":"HasPlaceholders","expansion":null}],"children":[],"rendered":null}],"rendered":"\u001b[1m\u001b[91merror[E0061]\u001b[0m\u001b[1m: this function takes 1 argument but 2 arguments were supplied\u001b[0m\n  \u001b[1m\u001b[94m--> \u001b[0mcrates/hyperphysics-pbit/tests/proptest_coupling.rs:84:27\n   \u001b[1m\u001b[94m|\u001b[0m\n\u001b[1m\u001b[94m84\u001b[0m \u001b[1m\u001b[94m|\u001b[0m             let mut sim = GillespieSimulator::new(lattice, 1.0);\n   \u001b[1m\u001b[94m|\u001b[0m                           \u001b[1m\u001b[91m^^^^^^^^^^^^^^^^^^^^^^^\u001b[0m          \u001b[1m\u001b[94m---\u001b[0m \u001b[1m\u001b[94munexpected argument #2 of type `{float}`\u001b[0m\n   \u001b[1m\u001b[94m|\u001b[0m\n\u001b[1m\u001b[92mnote\u001b[0m: associated function defined here\n  \u001b[1m\u001b[94m--> \u001b[0m/Users/ashina/Desktop/Kurultay/HyperPhysics/crates/hyperphysics-pbit/src/gillespie.rs:26:12\n   \u001b[1m\u001b[94m|\u001b[0m\n\u001b[1m\u001b[94m26\u001b[0m \u001b[1m\u001b[94m|\u001b[0m     pub fn new(lattice: PBitLattice) -> Self {\n   \u001b[1m\u001b[94m|\u001b[0m            \u001b[1m\u001b[92m^^^\u001b[0m\n\u001b[1m\u001b[96mhelp\u001b[0m: remove the extra argument\n   \u001b[1m\u001b[94m|\u001b[0m\n\u001b[1m\u001b[94m84\u001b[0m \u001b[91m- \u001b[0m            let mut sim = GillespieSimulator::new(lattice\u001b[91m, 1.0\u001b[0m);\n\u001b[1m\u001b[94m84\u001b[0m \u001b[92m+ \u001b[0m            let mut sim = GillespieSimulator::new(lattice);\n   \u001b[1m\u001b[94m|\u001b[0m\n\n"}
{"$message_type":"diagnostic","message":"no method named `set_external_field` found for struct `hyperphysics_pbit::GillespieSimulator` in the current scope","code":{"code":"E0599","explanation":"This error occurs when a method is used on a type which doesn't implement it:\n\nErroneous code example:\n\n```compile_fail,E0599\nstruct Mouth;\n\nlet x = Mouth;\nx.chocolate(); // error: no method named `chocolate` found for type `Mouth`\n               //        in the current scope\n```\n\nIn this case, you need to implement the `chocolate` method to fix the error:\n\n```\nstruct Mouth;\n\nimpl Mouth {\n    fn chocolate(&self) { // We implement the `chocolate` method here.\n        println!(\"Hmmm! I love chocolate!\");\n    }\n}\n\nlet x = Mouth;\nx.chocolate(); // ok!\n```\n"},"level":"error","spans":[{"file_name":"crates/hyperphysics-pbit/tests/proptest_coupling.rs","byte_start":2888,"byte_end":2906,"line_start":87,"line_end":87,"column_start":17,"column_end":35,"is_primary":true,"text":[{"text":"            sim.set_external_field(field_strength);","highlight_start":17,"highlight_end":35}],"label":"method not found in `hyperphysics_pbit::GillespieSimulator`","suggested_replacement":null,"suggestion_applicability":null,"expansion":null}],"children":[],"rendered":"\u001b[1m\u001b[91merror[E0599]\u001b[0m\u001b[1m: no method named `set_external_field` found for struct `hyperphysics_pbit::GillespieSimulator` in the current scope\u001b[0m\n  \u001b[1m\u001b[94m--> \u001b[0mcrates/hyperphysics-pbit/tests/proptest_coupling.rs:87:17\n   \u001b[1m\u001b[94m|\u001b[0m\n\u001b[1m\u001b[94m87\u001b[0m \u001b[1m\u001b[94m|\u001b[0m             sim.set_external_field(field_strength);\n   \u001b[1m\u001b[94m|\u001b[0m                 \u001b[1m\u001b[91m^^^^^^^^^^^^^^^^^^\u001b[0m \u001b[1m\u001b[91mmethod not found in `hyperphysics_pbit::GillespieSimulator`\u001b[0m\n\n"}
{"$message_type":"diagnostic","message":"no method named `field_energy` found for struct `hyperphysics_pbit::GillespieSimulator` in the current scope","code":{"code":"E0599","explanation":"This error occurs when a method is used on a type which doesn't implement it:\n\nErroneous code example:\n\n```compile_fail,E0599\nstruct Mouth;\n\nlet x = Mouth;\nx.chocolate(); // error: no method named `chocolate` found for type `Mouth`\n               //        in the current scope\n```\n\nIn this case, you need to implement the `chocolate` method to fix the error:\n\n```\nstruct Mouth;\n\nimpl Mouth {\n    fn chocolate(&self) { // We implement the `chocolate` method here.\n        println!(\"Hmmm! I love chocolate!\");\n    }\n}\n\nlet x = Mouth;\nx.chocolate(); // ok!\n```\n"},"level":"error","spans":[{"file_name":"crates/hyperphysics-pbit/tests/proptest_coupling.rs","byte_start":3165,"byte_end":3177,"line_start":93,"line_end":93,"column_start":45,"column_end":57,"is_primary":true,"text":[{"text":"            let measured_field_energy = sim.field_energy();","highlight_start":45,"highlight_end":57}],"label":"method not found in `hyperphysics_pbit::GillespieSimulator`","suggested_replacement":null,"suggestion_applicability":null,"expansion":null}],"children":[],"rendered":"\u001b[1m\u001b[91merror[E0599]\u001b[0m\u001b[1m: no method named `field_energy` found for struct `hyperphysics_pbit::GillespieSimulator` in the current scope\u001b[0m\n  \u001b[1m\u001b[94m--> \u001b[0mcrates/hyperphysics-pbit/tests/proptest_coupling.rs:93:45\n   \u001b[1m\u001b[94m|\u001b[0m\n\u001b[1m\u001b[94m93\u001b[0m \u001b[1m\u001b[94m|\u001b[0m             let measured_field_energy = sim.field_energy();\n   \u001b[1m\u001b[94m|\u001b[0m                                             \u001b[1m\u001b[91m^^^^^^^^^^^^\u001b[0m \u001b[1m\u001b[91mmethod not found in `hyperphysics_pbit::GillespieSimulator`\u001b[0m\n\n"}
{"$message_type":"diagnostic","message":"aborting due to 12 previous errors","code":null,"level":"error","spans":[],"children":[],"rendered":"\u001b[1m\u001b[91merror\u001b[0m\u001b[1m: aborting due to 12 previous errors\u001b[0m\n\n"}
{"$message_type":"diagnostic","message":"Some errors have detailed explanations: E0061, E0432, E0599.","code":null,"level":"failure-note","spans":[],"children":[],"rendered":"\u001b[1mSome errors have detailed explanations: E0061, E0432, E0599.\u001b[0m\n"}
{"$message_type":"diagnostic","message":"For more information about an error, try `rustc --explain E0061`.","code":null,"level":"failure-note","spans":[],"children":[],"rendered":"\u001b[1mFor more information about an error, try `rustc --explain E0061`.\u001b[0m\n"}
