{"$message_type":"diagnostic","message":"this function takes 1 argument but 2 arguments were supplied","code":{"code":"E0061","explanation":"An invalid number of arguments was passed when calling a function.\n\nErroneous code example:\n\n```compile_fail,E0061\nfn f(u: i32) {}\n\nf(); // error!\n```\n\nThe number of arguments passed to a function must match the number of arguments\nspecified in the function signature.\n\nFor example, a function like:\n\n```\nfn f(a: u16, b: &str) {}\n```\n\nMust always be called with exactly two arguments, e.g., `f(2, \"test\")`.\n\nNote that Rust does not have a notion of optional function arguments or\nvariadic functions (except for its C-FFI).\n"},"level":"error","spans":[{"file_name":"crates/hyperphysics-pbit/tests/proptest_gillespie.rs","byte_start":945,"byte_end":956,"line_start":27,"line_end":27,"column_start":60,"column_end":71,"is_primary":false,"text":[{"text":"            let mut sim = GillespieSimulator::new(lattice, temperature);","highlight_start":60,"highlight_end":71}],"label":"unexpected argument #2 of type `f64`","suggested_replacement":null,"suggestion_applicability":null,"expansion":null},{"file_name":"crates/hyperphysics-pbit/tests/proptest_gillespie.rs","byte_start":912,"byte_end":935,"line_start":27,"line_end":27,"column_start":27,"column_end":50,"is_primary":true,"text":[{"text":"            let mut sim = GillespieSimulator::new(lattice, temperature);","highlight_start":27,"highlight_end":50}],"label":null,"suggested_replacement":null,"suggestion_applicability":null,"expansion":null}],"children":[{"message":"associated function defined here","code":null,"level":"note","spans":[{"file_name":"/Users/ashina/Desktop/Kurultay/HyperPhysics/crates/hyperphysics-pbit/src/gillespie.rs","byte_start":812,"byte_end":815,"line_start":26,"line_end":26,"column_start":12,"column_end":15,"is_primary":true,"text":[{"text":"    pub fn new(lattice: PBitLattice) -> Self {","highlight_start":12,"highlight_end":15}],"label":null,"suggested_replacement":null,"suggestion_applicability":null,"expansion":null}],"children":[],"rendered":null},{"message":"remove the extra argument","code":null,"level":"help","spans":[{"file_name":"crates/hyperphysics-pbit/tests/proptest_gillespie.rs","byte_start":943,"byte_end":956,"line_start":27,"line_end":27,"column_start":58,"column_end":71,"is_primary":true,"text":[{"text":"            let mut sim = GillespieSimulator::new(lattice, temperature);","highlight_start":58,"highlight_end":71}],"label":null,"suggested_replacement":"","suggestion_applicability":"HasPlaceholders","expansion":null}],"children":[],"rendered":null}],"rendered":"\u001b[1m\u001b[91merror[E0061]\u001b[0m\u001b[1m: this function takes 1 argument but 2 arguments were supplied\u001b[0m\n  \u001b[1m\u001b[94m--> \u001b[0mcrates/hyperphysics-pbit/tests/proptest_gillespie.rs:27:27\n   \u001b[1m\u001b[94m|\u001b[0m\n\u001b[1m\u001b[94m27\u001b[0m \u001b[1m\u001b[94m|\u001b[0m             let mut sim = GillespieSimulator::new(lattice, temperature);\n   \u001b[1m\u001b[94m|\u001b[0m                           \u001b[1m\u001b[91m^^^^^^^^^^^^^^^^^^^^^^^\u001b[0m          \u001b[1m\u001b[94m-----------\u001b[0m \u001b[1m\u001b[94munexpected argument #2 of type `f64`\u001b[0m\n   \u001b[1m\u001b[94m|\u001b[0m\n\u001b[1m\u001b[92mnote\u001b[0m: associated function defined here\n  \u001b[1m\u001b[94m--> \u001b[0m/Users/ashina/Desktop/Kurultay/HyperPhysics/crates/hyperphysics-pbit/src/gillespie.rs:26:12\n   \u001b[1m\u001b[94m|\u001b[0m\n\u001b[1m\u001b[94m26\u001b[0m \u001b[1m\u001b[94m|\u001b[0m     pub fn new(lattice: PBitLattice) -> Self {\n   \u001b[1m\u001b[94m|\u001b[0m            \u001b[1m\u001b[92m^^^\u001b[0m\n\u001b[1m\u001b[96mhelp\u001b[0m: remove the extra argument\n   \u001b[1m\u001b[94m|\u001b[0m\n\u001b[1m\u001b[94m27\u001b[0m \u001b[91m- \u001b[0m            let mut sim = GillespieSimulator::new(lattice\u001b[91m, temperature\u001b[0m);\n\u001b[1m\u001b[94m27\u001b[0m \u001b[92m+ \u001b[0m            let mut sim = GillespieSimulator::new(lattice);\n   \u001b[1m\u001b[94m|\u001b[0m\n\n"}
{"$message_type":"diagnostic","message":"no method named `simulate` found for struct `hyperphysics_pbit::GillespieSimulator` in the current scope","code":{"code":"E0599","explanation":"This error occurs when a method is used on a type which doesn't implement it:\n\nErroneous code example:\n\n```compile_fail,E0599\nstruct Mouth;\n\nlet x = Mouth;\nx.chocolate(); // error: no method named `chocolate` found for type `Mouth`\n               //        in the current scope\n```\n\nIn this case, you need to implement the `chocolate` method to fix the error:\n\n```\nstruct Mouth;\n\nimpl Mouth {\n    fn chocolate(&self) { // We implement the `chocolate` method here.\n        println!(\"Hmmm! I love chocolate!\");\n    }\n}\n\nlet x = Mouth;\nx.chocolate(); // ok!\n```\n"},"level":"error","spans":[{"file_name":"crates/hyperphysics-pbit/tests/proptest_gillespie.rs","byte_start":1033,"byte_end":1041,"line_start":30,"line_end":30,"column_start":17,"column_end":25,"is_primary":true,"text":[{"text":"            sim.simulate(steps, &mut rng)?;","highlight_start":17,"highlight_end":25}],"label":null,"suggested_replacement":null,"suggestion_applicability":null,"expansion":null}],"children":[{"message":"there is a method `simulate_until` with a similar name","code":null,"level":"help","spans":[{"file_name":"crates/hyperphysics-pbit/tests/proptest_gillespie.rs","byte_start":1033,"byte_end":1041,"line_start":30,"line_end":30,"column_start":17,"column_end":25,"is_primary":true,"text":[{"text":"            sim.simulate(steps, &mut rng)?;","highlight_start":17,"highlight_end":25}],"label":null,"suggested_replacement":"simulate_until","suggestion_applicability":"MaybeIncorrect","expansion":null}],"children":[],"rendered":null}],"rendered":"\u001b[1m\u001b[91merror[E0599]\u001b[0m\u001b[1m: no method named `simulate` found for struct `hyperphysics_pbit::GillespieSimulator` in the current scope\u001b[0m\n  \u001b[1m\u001b[94m--> \u001b[0mcrates/hyperphysics-pbit/tests/proptest_gillespie.rs:30:17\n   \u001b[1m\u001b[94m|\u001b[0m\n\u001b[1m\u001b[94m30\u001b[0m \u001b[1m\u001b[94m|\u001b[0m             sim.simulate(steps, &mut rng)?;\n   \u001b[1m\u001b[94m|\u001b[0m                 \u001b[1m\u001b[91m^^^^^^^^\u001b[0m\n   \u001b[1m\u001b[94m|\u001b[0m\n\u001b[1m\u001b[96mhelp\u001b[0m: there is a method `simulate_until` with a similar name\n   \u001b[1m\u001b[94m|\u001b[0m\n\u001b[1m\u001b[94m30\u001b[0m \u001b[1m\u001b[94m| \u001b[0m            sim.simulate\u001b[92m_until\u001b[0m(steps, &mut rng)?;\n   \u001b[1m\u001b[94m|\u001b[0m                         \u001b[92m++++++\u001b[0m\n\n"}
{"$message_type":"diagnostic","message":"no method named `total_rate` found for struct `hyperphysics_pbit::GillespieSimulator` in the current scope","code":{"code":"E0599","explanation":"This error occurs when a method is used on a type which doesn't implement it:\n\nErroneous code example:\n\n```compile_fail,E0599\nstruct Mouth;\n\nlet x = Mouth;\nx.chocolate(); // error: no method named `chocolate` found for type `Mouth`\n               //        in the current scope\n```\n\nIn this case, you need to implement the `chocolate` method to fix the error:\n\n```\nstruct Mouth;\n\nimpl Mouth {\n    fn chocolate(&self) { // We implement the `chocolate` method here.\n        println!(\"Hmmm! I love chocolate!\");\n    }\n}\n\nlet x = Mouth;\nx.chocolate(); // ok!\n```\n"},"level":"error","spans":[{"file_name":"crates/hyperphysics-pbit/tests/proptest_gillespie.rs","byte_start":1158,"byte_end":1168,"line_start":33,"line_end":33,"column_start":30,"column_end":40,"is_primary":true,"text":[{"text":"            prop_assert!(sim.total_rate() >= 0.0);","highlight_start":30,"highlight_end":40}],"label":"method not found in `hyperphysics_pbit::GillespieSimulator`","suggested_replacement":null,"suggestion_applicability":null,"expansion":null}],"children":[],"rendered":"\u001b[1m\u001b[91merror[E0599]\u001b[0m\u001b[1m: no method named `total_rate` found for struct `hyperphysics_pbit::GillespieSimulator` in the current scope\u001b[0m\n  \u001b[1m\u001b[94m--> \u001b[0mcrates/hyperphysics-pbit/tests/proptest_gillespie.rs:33:30\n   \u001b[1m\u001b[94m|\u001b[0m\n\u001b[1m\u001b[94m33\u001b[0m \u001b[1m\u001b[94m|\u001b[0m             prop_assert!(sim.total_rate() >= 0.0);\n   \u001b[1m\u001b[94m|\u001b[0m                              \u001b[1m\u001b[91m^^^^^^^^^^\u001b[0m \u001b[1m\u001b[91mmethod not found in `hyperphysics_pbit::GillespieSimulator`\u001b[0m\n\n"}
{"$message_type":"diagnostic","message":"no method named `count_spins` found for struct `hyperphysics_pbit::PBitLattice` in the current scope","code":{"code":"E0599","explanation":"This error occurs when a method is used on a type which doesn't implement it:\n\nErroneous code example:\n\n```compile_fail,E0599\nstruct Mouth;\n\nlet x = Mouth;\nx.chocolate(); // error: no method named `chocolate` found for type `Mouth`\n               //        in the current scope\n```\n\nIn this case, you need to implement the `chocolate` method to fix the error:\n\n```\nstruct Mouth;\n\nimpl Mouth {\n    fn chocolate(&self) { // We implement the `chocolate` method here.\n        println!(\"Hmmm! I love chocolate!\");\n    }\n}\n\nlet x = Mouth;\nx.chocolate(); // ok!\n```\n"},"level":"error","spans":[{"file_name":"crates/hyperphysics-pbit/tests/proptest_gillespie.rs","byte_start":1445,"byte_end":1456,"line_start":42,"line_end":42,"column_start":45,"column_end":56,"is_primary":true,"text":[{"text":"            let initial_particles = lattice.count_spins();","highlight_start":45,"highlight_end":56}],"label":"method not found in `hyperphysics_pbit::PBitLattice`","suggested_replacement":null,"suggestion_applicability":null,"expansion":null}],"children":[],"rendered":"\u001b[1m\u001b[91merror[E0599]\u001b[0m\u001b[1m: no method named `count_spins` found for struct `hyperphysics_pbit::PBitLattice` in the current scope\u001b[0m\n  \u001b[1m\u001b[94m--> \u001b[0mcrates/hyperphysics-pbit/tests/proptest_gillespie.rs:42:45\n   \u001b[1m\u001b[94m|\u001b[0m\n\u001b[1m\u001b[94m42\u001b[0m \u001b[1m\u001b[94m|\u001b[0m             let initial_particles = lattice.count_spins();\n   \u001b[1m\u001b[94m|\u001b[0m                                             \u001b[1m\u001b[91m^^^^^^^^^^^\u001b[0m \u001b[1m\u001b[91mmethod not found in `hyperphysics_pbit::PBitLattice`\u001b[0m\n\n"}
{"$message_type":"diagnostic","message":"this function takes 1 argument but 2 arguments were supplied","code":{"code":"E0061","explanation":"An invalid number of arguments was passed when calling a function.\n\nErroneous code example:\n\n```compile_fail,E0061\nfn f(u: i32) {}\n\nf(); // error!\n```\n\nThe number of arguments passed to a function must match the number of arguments\nspecified in the function signature.\n\nFor example, a function like:\n\n```\nfn f(a: u16, b: &str) {}\n```\n\nMust always be called with exactly two arguments, e.g., `f(2, \"test\")`.\n\nNote that Rust does not have a notion of optional function arguments or\nvariadic functions (except for its C-FFI).\n"},"level":"error","spans":[{"file_name":"crates/hyperphysics-pbit/tests/proptest_gillespie.rs","byte_start":1520,"byte_end":1531,"line_start":44,"line_end":44,"column_start":60,"column_end":71,"is_primary":false,"text":[{"text":"            let mut sim = GillespieSimulator::new(lattice, temperature);","highlight_start":60,"highlight_end":71}],"label":"unexpected argument #2 of type `f64`","suggested_replacement":null,"suggestion_applicability":null,"expansion":null},{"file_name":"crates/hyperphysics-pbit/tests/proptest_gillespie.rs","byte_start":1487,"byte_end":1510,"line_start":44,"line_end":44,"column_start":27,"column_end":50,"is_primary":true,"text":[{"text":"            let mut sim = GillespieSimulator::new(lattice, temperature);","highlight_start":27,"highlight_end":50}],"label":null,"suggested_replacement":null,"suggestion_applicability":null,"expansion":null}],"children":[{"message":"associated function defined here","code":null,"level":"note","spans":[{"file_name":"/Users/ashina/Desktop/Kurultay/HyperPhysics/crates/hyperphysics-pbit/src/gillespie.rs","byte_start":812,"byte_end":815,"line_start":26,"line_end":26,"column_start":12,"column_end":15,"is_primary":true,"text":[{"text":"    pub fn new(lattice: PBitLattice) -> Self {","highlight_start":12,"highlight_end":15}],"label":null,"suggested_replacement":null,"suggestion_applicability":null,"expansion":null}],"children":[],"rendered":null},{"message":"remove the extra argument","code":null,"level":"help","spans":[{"file_name":"crates/hyperphysics-pbit/tests/proptest_gillespie.rs","byte_start":1518,"byte_end":1531,"line_start":44,"line_end":44,"column_start":58,"column_end":71,"is_primary":true,"text":[{"text":"            let mut sim = GillespieSimulator::new(lattice, temperature);","highlight_start":58,"highlight_end":71}],"label":null,"suggested_replacement":"","suggestion_applicability":"HasPlaceholders","expansion":null}],"children":[],"rendered":null}],"rendered":"\u001b[1m\u001b[91merror[E0061]\u001b[0m\u001b[1m: this function takes 1 argument but 2 arguments were supplied\u001b[0m\n  \u001b[1m\u001b[94m--> \u001b[0mcrates/hyperphysics-pbit/tests/proptest_gillespie.rs:44:27\n   \u001b[1m\u001b[94m|\u001b[0m\n\u001b[1m\u001b[94m44\u001b[0m \u001b[1m\u001b[94m|\u001b[0m             let mut sim = GillespieSimulator::new(lattice, temperature);\n   \u001b[1m\u001b[94m|\u001b[0m                           \u001b[1m\u001b[91m^^^^^^^^^^^^^^^^^^^^^^^\u001b[0m          \u001b[1m\u001b[94m-----------\u001b[0m \u001b[1m\u001b[94munexpected argument #2 of type `f64`\u001b[0m\n   \u001b[1m\u001b[94m|\u001b[0m\n\u001b[1m\u001b[92mnote\u001b[0m: associated function defined here\n  \u001b[1m\u001b[94m--> \u001b[0m/Users/ashina/Desktop/Kurultay/HyperPhysics/crates/hyperphysics-pbit/src/gillespie.rs:26:12\n   \u001b[1m\u001b[94m|\u001b[0m\n\u001b[1m\u001b[94m26\u001b[0m \u001b[1m\u001b[94m|\u001b[0m     pub fn new(lattice: PBitLattice) -> Self {\n   \u001b[1m\u001b[94m|\u001b[0m            \u001b[1m\u001b[92m^^^\u001b[0m\n\u001b[1m\u001b[96mhelp\u001b[0m: remove the extra argument\n   \u001b[1m\u001b[94m|\u001b[0m\n\u001b[1m\u001b[94m44\u001b[0m \u001b[91m- \u001b[0m            let mut sim = GillespieSimulator::new(lattice\u001b[91m, temperature\u001b[0m);\n\u001b[1m\u001b[94m44\u001b[0m \u001b[92m+ \u001b[0m            let mut sim = GillespieSimulator::new(lattice);\n   \u001b[1m\u001b[94m|\u001b[0m\n\n"}
{"$message_type":"diagnostic","message":"no method named `simulate` found for struct `hyperphysics_pbit::GillespieSimulator` in the current scope","code":{"code":"E0599","explanation":"This error occurs when a method is used on a type which doesn't implement it:\n\nErroneous code example:\n\n```compile_fail,E0599\nstruct Mouth;\n\nlet x = Mouth;\nx.chocolate(); // error: no method named `chocolate` found for type `Mouth`\n               //        in the current scope\n```\n\nIn this case, you need to implement the `chocolate` method to fix the error:\n\n```\nstruct Mouth;\n\nimpl Mouth {\n    fn chocolate(&self) { // We implement the `chocolate` method here.\n        println!(\"Hmmm! I love chocolate!\");\n    }\n}\n\nlet x = Mouth;\nx.chocolate(); // ok!\n```\n"},"level":"error","spans":[{"file_name":"crates/hyperphysics-pbit/tests/proptest_gillespie.rs","byte_start":1608,"byte_end":1616,"line_start":47,"line_end":47,"column_start":17,"column_end":25,"is_primary":true,"text":[{"text":"            sim.simulate(steps, &mut rng)?;","highlight_start":17,"highlight_end":25}],"label":null,"suggested_replacement":null,"suggestion_applicability":null,"expansion":null}],"children":[{"message":"there is a method `simulate_until` with a similar name","code":null,"level":"help","spans":[{"file_name":"crates/hyperphysics-pbit/tests/proptest_gillespie.rs","byte_start":1608,"byte_end":1616,"line_start":47,"line_end":47,"column_start":17,"column_end":25,"is_primary":true,"text":[{"text":"            sim.simulate(steps, &mut rng)?;","highlight_start":17,"highlight_end":25}],"label":null,"suggested_replacement":"simulate_until","suggestion_applicability":"MaybeIncorrect","expansion":null}],"children":[],"rendered":null}],"rendered":"\u001b[1m\u001b[91merror[E0599]\u001b[0m\u001b[1m: no method named `simulate` found for struct `hyperphysics_pbit::GillespieSimulator` in the current scope\u001b[0m\n  \u001b[1m\u001b[94m--> \u001b[0mcrates/hyperphysics-pbit/tests/proptest_gillespie.rs:47:17\n   \u001b[1m\u001b[94m|\u001b[0m\n\u001b[1m\u001b[94m47\u001b[0m \u001b[1m\u001b[94m|\u001b[0m             sim.simulate(steps, &mut rng)?;\n   \u001b[1m\u001b[94m|\u001b[0m                 \u001b[1m\u001b[91m^^^^^^^^\u001b[0m\n   \u001b[1m\u001b[94m|\u001b[0m\n\u001b[1m\u001b[96mhelp\u001b[0m: there is a method `simulate_until` with a similar name\n   \u001b[1m\u001b[94m|\u001b[0m\n\u001b[1m\u001b[94m47\u001b[0m \u001b[1m\u001b[94m| \u001b[0m            sim.simulate\u001b[92m_until\u001b[0m(steps, &mut rng)?;\n   \u001b[1m\u001b[94m|\u001b[0m                         \u001b[92m++++++\u001b[0m\n\n"}
{"$message_type":"diagnostic","message":"no method named `count_spins` found for reference `&hyperphysics_pbit::PBitLattice` in the current scope","code":{"code":"E0599","explanation":"This error occurs when a method is used on a type which doesn't implement it:\n\nErroneous code example:\n\n```compile_fail,E0599\nstruct Mouth;\n\nlet x = Mouth;\nx.chocolate(); // error: no method named `chocolate` found for type `Mouth`\n               //        in the current scope\n```\n\nIn this case, you need to implement the `chocolate` method to fix the error:\n\n```\nstruct Mouth;\n\nimpl Mouth {\n    fn chocolate(&self) { // We implement the `chocolate` method here.\n        println!(\"Hmmm! I love chocolate!\");\n    }\n}\n\nlet x = Mouth;\nx.chocolate(); // ok!\n```\n"},"level":"error","spans":[{"file_name":"crates/hyperphysics-pbit/tests/proptest_gillespie.rs","byte_start":1685,"byte_end":1696,"line_start":49,"line_end":49,"column_start":49,"column_end":60,"is_primary":true,"text":[{"text":"            let final_particles = sim.lattice().count_spins();","highlight_start":49,"highlight_end":60}],"label":"method not found in `&hyperphysics_pbit::PBitLattice`","suggested_replacement":null,"suggestion_applicability":null,"expansion":null}],"children":[],"rendered":"\u001b[1m\u001b[91merror[E0599]\u001b[0m\u001b[1m: no method named `count_spins` found for reference `&hyperphysics_pbit::PBitLattice` in the current scope\u001b[0m\n  \u001b[1m\u001b[94m--> \u001b[0mcrates/hyperphysics-pbit/tests/proptest_gillespie.rs:49:49\n   \u001b[1m\u001b[94m|\u001b[0m\n\u001b[1m\u001b[94m49\u001b[0m \u001b[1m\u001b[94m|\u001b[0m             let final_particles = sim.lattice().count_spins();\n   \u001b[1m\u001b[94m|\u001b[0m                                                 \u001b[1m\u001b[91m^^^^^^^^^^^\u001b[0m \u001b[1m\u001b[91mmethod not found in `&hyperphysics_pbit::PBitLattice`\u001b[0m\n\n"}
{"$message_type":"diagnostic","message":"this function takes 1 argument but 2 arguments were supplied","code":{"code":"E0061","explanation":"An invalid number of arguments was passed when calling a function.\n\nErroneous code example:\n\n```compile_fail,E0061\nfn f(u: i32) {}\n\nf(); // error!\n```\n\nThe number of arguments passed to a function must match the number of arguments\nspecified in the function signature.\n\nFor example, a function like:\n\n```\nfn f(a: u16, b: &str) {}\n```\n\nMust always be called with exactly two arguments, e.g., `f(2, \"test\")`.\n\nNote that Rust does not have a notion of optional function arguments or\nvariadic functions (except for its C-FFI).\n"},"level":"error","spans":[{"file_name":"crates/hyperphysics-pbit/tests/proptest_gillespie.rs","byte_start":2173,"byte_end":2184,"line_start":62,"line_end":62,"column_start":60,"column_end":71,"is_primary":false,"text":[{"text":"            let mut sim = GillespieSimulator::new(lattice, temperature);","highlight_start":60,"highlight_end":71}],"label":"unexpected argument #2 of type `f64`","suggested_replacement":null,"suggestion_applicability":null,"expansion":null},{"file_name":"crates/hyperphysics-pbit/tests/proptest_gillespie.rs","byte_start":2140,"byte_end":2163,"line_start":62,"line_end":62,"column_start":27,"column_end":50,"is_primary":true,"text":[{"text":"            let mut sim = GillespieSimulator::new(lattice, temperature);","highlight_start":27,"highlight_end":50}],"label":null,"suggested_replacement":null,"suggestion_applicability":null,"expansion":null}],"children":[{"message":"associated function defined here","code":null,"level":"note","spans":[{"file_name":"/Users/ashina/Desktop/Kurultay/HyperPhysics/crates/hyperphysics-pbit/src/gillespie.rs","byte_start":812,"byte_end":815,"line_start":26,"line_end":26,"column_start":12,"column_end":15,"is_primary":true,"text":[{"text":"    pub fn new(lattice: PBitLattice) -> Self {","highlight_start":12,"highlight_end":15}],"label":null,"suggested_replacement":null,"suggestion_applicability":null,"expansion":null}],"children":[],"rendered":null},{"message":"remove the extra argument","code":null,"level":"help","spans":[{"file_name":"crates/hyperphysics-pbit/tests/proptest_gillespie.rs","byte_start":2171,"byte_end":2184,"line_start":62,"line_end":62,"column_start":58,"column_end":71,"is_primary":true,"text":[{"text":"            let mut sim = GillespieSimulator::new(lattice, temperature);","highlight_start":58,"highlight_end":71}],"label":null,"suggested_replacement":"","suggestion_applicability":"HasPlaceholders","expansion":null}],"children":[],"rendered":null}],"rendered":"\u001b[1m\u001b[91merror[E0061]\u001b[0m\u001b[1m: this function takes 1 argument but 2 arguments were supplied\u001b[0m\n  \u001b[1m\u001b[94m--> \u001b[0mcrates/hyperphysics-pbit/tests/proptest_gillespie.rs:62:27\n   \u001b[1m\u001b[94m|\u001b[0m\n\u001b[1m\u001b[94m62\u001b[0m \u001b[1m\u001b[94m|\u001b[0m             let mut sim = GillespieSimulator::new(lattice, temperature);\n   \u001b[1m\u001b[94m|\u001b[0m                           \u001b[1m\u001b[91m^^^^^^^^^^^^^^^^^^^^^^^\u001b[0m          \u001b[1m\u001b[94m-----------\u001b[0m \u001b[1m\u001b[94munexpected argument #2 of type `f64`\u001b[0m\n   \u001b[1m\u001b[94m|\u001b[0m\n\u001b[1m\u001b[92mnote\u001b[0m: associated function defined here\n  \u001b[1m\u001b[94m--> \u001b[0m/Users/ashina/Desktop/Kurultay/HyperPhysics/crates/hyperphysics-pbit/src/gillespie.rs:26:12\n   \u001b[1m\u001b[94m|\u001b[0m\n\u001b[1m\u001b[94m26\u001b[0m \u001b[1m\u001b[94m|\u001b[0m     pub fn new(lattice: PBitLattice) -> Self {\n   \u001b[1m\u001b[94m|\u001b[0m            \u001b[1m\u001b[92m^^^\u001b[0m\n\u001b[1m\u001b[96mhelp\u001b[0m: remove the extra argument\n   \u001b[1m\u001b[94m|\u001b[0m\n\u001b[1m\u001b[94m62\u001b[0m \u001b[91m- \u001b[0m            let mut sim = GillespieSimulator::new(lattice\u001b[91m, temperature\u001b[0m);\n\u001b[1m\u001b[94m62\u001b[0m \u001b[92m+ \u001b[0m            let mut sim = GillespieSimulator::new(lattice);\n   \u001b[1m\u001b[94m|\u001b[0m\n\n"}
{"$message_type":"diagnostic","message":"no method named `current_time` found for struct `hyperphysics_pbit::GillespieSimulator` in the current scope","code":{"code":"E0599","explanation":"This error occurs when a method is used on a type which doesn't implement it:\n\nErroneous code example:\n\n```compile_fail,E0599\nstruct Mouth;\n\nlet x = Mouth;\nx.chocolate(); // error: no method named `chocolate` found for type `Mouth`\n               //        in the current scope\n```\n\nIn this case, you need to implement the `chocolate` method to fix the error:\n\n```\nstruct Mouth;\n\nimpl Mouth {\n    fn chocolate(&self) { // We implement the `chocolate` method here.\n        println!(\"Hmmm! I love chocolate!\");\n    }\n}\n\nlet x = Mouth;\nx.chocolate(); // ok!\n```\n"},"level":"error","spans":[{"file_name":"crates/hyperphysics-pbit/tests/proptest_gillespie.rs","byte_start":2281,"byte_end":2293,"line_start":65,"line_end":65,"column_start":37,"column_end":49,"is_primary":true,"text":[{"text":"            let mut prev_time = sim.current_time();","highlight_start":37,"highlight_end":49}],"label":"private field, not a method","suggested_replacement":null,"suggestion_applicability":null,"expansion":null}],"children":[],"rendered":"\u001b[1m\u001b[91merror[E0599]\u001b[0m\u001b[1m: no method named `current_time` found for struct `hyperphysics_pbit::GillespieSimulator` in the current scope\u001b[0m\n  \u001b[1m\u001b[94m--> \u001b[0mcrates/hyperphysics-pbit/tests/proptest_gillespie.rs:65:37\n   \u001b[1m\u001b[94m|\u001b[0m\n\u001b[1m\u001b[94m65\u001b[0m \u001b[1m\u001b[94m|\u001b[0m             let mut prev_time = sim.current_time();\n   \u001b[1m\u001b[94m|\u001b[0m                                     \u001b[1m\u001b[91m^^^^^^^^^^^^\u001b[0m \u001b[1m\u001b[91mprivate field, not a method\u001b[0m\n\n"}
{"$message_type":"diagnostic","message":"no method named `current_time` found for struct `hyperphysics_pbit::GillespieSimulator` in the current scope","code":{"code":"E0599","explanation":"This error occurs when a method is used on a type which doesn't implement it:\n\nErroneous code example:\n\n```compile_fail,E0599\nstruct Mouth;\n\nlet x = Mouth;\nx.chocolate(); // error: no method named `chocolate` found for type `Mouth`\n               //        in the current scope\n```\n\nIn this case, you need to implement the `chocolate` method to fix the error:\n\n```\nstruct Mouth;\n\nimpl Mouth {\n    fn chocolate(&self) { // We implement the `chocolate` method here.\n        println!(\"Hmmm! I love chocolate!\");\n    }\n}\n\nlet x = Mouth;\nx.chocolate(); // ok!\n```\n"},"level":"error","spans":[{"file_name":"crates/hyperphysics-pbit/tests/proptest_gillespie.rs","byte_start":2403,"byte_end":2415,"line_start":69,"line_end":69,"column_start":37,"column_end":49,"is_primary":true,"text":[{"text":"                let curr_time = sim.current_time();","highlight_start":37,"highlight_end":49}],"label":"private field, not a method","suggested_replacement":null,"suggestion_applicability":null,"expansion":null}],"children":[],"rendered":"\u001b[1m\u001b[91merror[E0599]\u001b[0m\u001b[1m: no method named `current_time` found for struct `hyperphysics_pbit::GillespieSimulator` in the current scope\u001b[0m\n  \u001b[1m\u001b[94m--> \u001b[0mcrates/hyperphysics-pbit/tests/proptest_gillespie.rs:69:37\n   \u001b[1m\u001b[94m|\u001b[0m\n\u001b[1m\u001b[94m69\u001b[0m \u001b[1m\u001b[94m|\u001b[0m                 let curr_time = sim.current_time();\n   \u001b[1m\u001b[94m|\u001b[0m                                     \u001b[1m\u001b[91m^^^^^^^^^^^^\u001b[0m \u001b[1m\u001b[91mprivate field, not a method\u001b[0m\n\n"}
{"$message_type":"diagnostic","message":"this function takes 1 argument but 2 arguments were supplied","code":{"code":"E0061","explanation":"An invalid number of arguments was passed when calling a function.\n\nErroneous code example:\n\n```compile_fail,E0061\nfn f(u: i32) {}\n\nf(); // error!\n```\n\nThe number of arguments passed to a function must match the number of arguments\nspecified in the function signature.\n\nFor example, a function like:\n\n```\nfn f(a: u16, b: &str) {}\n```\n\nMust always be called with exactly two arguments, e.g., `f(2, \"test\")`.\n\nNote that Rust does not have a notion of optional function arguments or\nvariadic functions (except for its C-FFI).\n"},"level":"error","spans":[{"file_name":"crates/hyperphysics-pbit/tests/proptest_gillespie.rs","byte_start":2861,"byte_end":2872,"line_start":83,"line_end":83,"column_start":60,"column_end":71,"is_primary":false,"text":[{"text":"            let mut sim = GillespieSimulator::new(lattice, temperature);","highlight_start":60,"highlight_end":71}],"label":"unexpected argument #2 of type `f64`","suggested_replacement":null,"suggestion_applicability":null,"expansion":null},{"file_name":"crates/hyperphysics-pbit/tests/proptest_gillespie.rs","byte_start":2828,"byte_end":2851,"line_start":83,"line_end":83,"column_start":27,"column_end":50,"is_primary":true,"text":[{"text":"            let mut sim = GillespieSimulator::new(lattice, temperature);","highlight_start":27,"highlight_end":50}],"label":null,"suggested_replacement":null,"suggestion_applicability":null,"expansion":null}],"children":[{"message":"associated function defined here","code":null,"level":"note","spans":[{"file_name":"/Users/ashina/Desktop/Kurultay/HyperPhysics/crates/hyperphysics-pbit/src/gillespie.rs","byte_start":812,"byte_end":815,"line_start":26,"line_end":26,"column_start":12,"column_end":15,"is_primary":true,"text":[{"text":"    pub fn new(lattice: PBitLattice) -> Self {","highlight_start":12,"highlight_end":15}],"label":null,"suggested_replacement":null,"suggestion_applicability":null,"expansion":null}],"children":[],"rendered":null},{"message":"remove the extra argument","code":null,"level":"help","spans":[{"file_name":"crates/hyperphysics-pbit/tests/proptest_gillespie.rs","byte_start":2859,"byte_end":2872,"line_start":83,"line_end":83,"column_start":58,"column_end":71,"is_primary":true,"text":[{"text":"            let mut sim = GillespieSimulator::new(lattice, temperature);","highlight_start":58,"highlight_end":71}],"label":null,"suggested_replacement":"","suggestion_applicability":"HasPlaceholders","expansion":null}],"children":[],"rendered":null}],"rendered":"\u001b[1m\u001b[91merror[E0061]\u001b[0m\u001b[1m: this function takes 1 argument but 2 arguments were supplied\u001b[0m\n  \u001b[1m\u001b[94m--> \u001b[0mcrates/hyperphysics-pbit/tests/proptest_gillespie.rs:83:27\n   \u001b[1m\u001b[94m|\u001b[0m\n\u001b[1m\u001b[94m83\u001b[0m \u001b[1m\u001b[94m|\u001b[0m             let mut sim = GillespieSimulator::new(lattice, temperature);\n   \u001b[1m\u001b[94m|\u001b[0m                           \u001b[1m\u001b[91m^^^^^^^^^^^^^^^^^^^^^^^\u001b[0m          \u001b[1m\u001b[94m-----------\u001b[0m \u001b[1m\u001b[94munexpected argument #2 of type `f64`\u001b[0m\n   \u001b[1m\u001b[94m|\u001b[0m\n\u001b[1m\u001b[92mnote\u001b[0m: associated function defined here\n  \u001b[1m\u001b[94m--> \u001b[0m/Users/ashina/Desktop/Kurultay/HyperPhysics/crates/hyperphysics-pbit/src/gillespie.rs:26:12\n   \u001b[1m\u001b[94m|\u001b[0m\n\u001b[1m\u001b[94m26\u001b[0m \u001b[1m\u001b[94m|\u001b[0m     pub fn new(lattice: PBitLattice) -> Self {\n   \u001b[1m\u001b[94m|\u001b[0m            \u001b[1m\u001b[92m^^^\u001b[0m\n\u001b[1m\u001b[96mhelp\u001b[0m: remove the extra argument\n   \u001b[1m\u001b[94m|\u001b[0m\n\u001b[1m\u001b[94m83\u001b[0m \u001b[91m- \u001b[0m            let mut sim = GillespieSimulator::new(lattice\u001b[91m, temperature\u001b[0m);\n\u001b[1m\u001b[94m83\u001b[0m \u001b[92m+ \u001b[0m            let mut sim = GillespieSimulator::new(lattice);\n   \u001b[1m\u001b[94m|\u001b[0m\n\n"}
{"$message_type":"diagnostic","message":"no method named `current_time` found for struct `hyperphysics_pbit::GillespieSimulator` in the current scope","code":{"code":"E0599","explanation":"This error occurs when a method is used on a type which doesn't implement it:\n\nErroneous code example:\n\n```compile_fail,E0599\nstruct Mouth;\n\nlet x = Mouth;\nx.chocolate(); // error: no method named `chocolate` found for type `Mouth`\n               //        in the current scope\n```\n\nIn this case, you need to implement the `chocolate` method to fix the error:\n\n```\nstruct Mouth;\n\nimpl Mouth {\n    fn chocolate(&self) { // We implement the `chocolate` method here.\n        println!(\"Hmmm! I love chocolate!\");\n    }\n}\n\nlet x = Mouth;\nx.chocolate(); // ok!\n```\n"},"level":"error","spans":[{"file_name":"crates/hyperphysics-pbit/tests/proptest_gillespie.rs","byte_start":3033,"byte_end":3045,"line_start":88,"line_end":88,"column_start":32,"column_end":44,"is_primary":true,"text":[{"text":"                let time = sim.current_time();","highlight_start":32,"highlight_end":44}],"label":"private field, not a method","suggested_replacement":null,"suggestion_applicability":null,"expansion":null}],"children":[],"rendered":"\u001b[1m\u001b[91merror[E0599]\u001b[0m\u001b[1m: no method named `current_time` found for struct `hyperphysics_pbit::GillespieSimulator` in the current scope\u001b[0m\n  \u001b[1m\u001b[94m--> \u001b[0mcrates/hyperphysics-pbit/tests/proptest_gillespie.rs:88:32\n   \u001b[1m\u001b[94m|\u001b[0m\n\u001b[1m\u001b[94m88\u001b[0m \u001b[1m\u001b[94m|\u001b[0m                 let time = sim.current_time();\n   \u001b[1m\u001b[94m|\u001b[0m                                \u001b[1m\u001b[91m^^^^^^^^^^^^\u001b[0m \u001b[1m\u001b[91mprivate field, not a method\u001b[0m\n\n"}
{"$message_type":"diagnostic","message":"this function takes 1 argument but 2 arguments were supplied","code":{"code":"E0061","explanation":"An invalid number of arguments was passed when calling a function.\n\nErroneous code example:\n\n```compile_fail,E0061\nfn f(u: i32) {}\n\nf(); // error!\n```\n\nThe number of arguments passed to a function must match the number of arguments\nspecified in the function signature.\n\nFor example, a function like:\n\n```\nfn f(a: u16, b: &str) {}\n```\n\nMust always be called with exactly two arguments, e.g., `f(2, \"test\")`.\n\nNote that Rust does not have a notion of optional function arguments or\nvariadic functions (except for its C-FFI).\n"},"level":"error","spans":[{"file_name":"crates/hyperphysics-pbit/tests/proptest_gillespie.rs","byte_start":3477,"byte_end":3488,"line_start":101,"line_end":101,"column_start":60,"column_end":71,"is_primary":false,"text":[{"text":"            let mut sim = GillespieSimulator::new(lattice, temperature);","highlight_start":60,"highlight_end":71}],"label":"unexpected argument #2 of type `f64`","suggested_replacement":null,"suggestion_applicability":null,"expansion":null},{"file_name":"crates/hyperphysics-pbit/tests/proptest_gillespie.rs","byte_start":3444,"byte_end":3467,"line_start":101,"line_end":101,"column_start":27,"column_end":50,"is_primary":true,"text":[{"text":"            let mut sim = GillespieSimulator::new(lattice, temperature);","highlight_start":27,"highlight_end":50}],"label":null,"suggested_replacement":null,"suggestion_applicability":null,"expansion":null}],"children":[{"message":"associated function defined here","code":null,"level":"note","spans":[{"file_name":"/Users/ashina/Desktop/Kurultay/HyperPhysics/crates/hyperphysics-pbit/src/gillespie.rs","byte_start":812,"byte_end":815,"line_start":26,"line_end":26,"column_start":12,"column_end":15,"is_primary":true,"text":[{"text":"    pub fn new(lattice: PBitLattice) -> Self {","highlight_start":12,"highlight_end":15}],"label":null,"suggested_replacement":null,"suggestion_applicability":null,"expansion":null}],"children":[],"rendered":null},{"message":"remove the extra argument","code":null,"level":"help","spans":[{"file_name":"crates/hyperphysics-pbit/tests/proptest_gillespie.rs","byte_start":3475,"byte_end":3488,"line_start":101,"line_end":101,"column_start":58,"column_end":71,"is_primary":true,"text":[{"text":"            let mut sim = GillespieSimulator::new(lattice, temperature);","highlight_start":58,"highlight_end":71}],"label":null,"suggested_replacement":"","suggestion_applicability":"HasPlaceholders","expansion":null}],"children":[],"rendered":null}],"rendered":"\u001b[1m\u001b[91merror[E0061]\u001b[0m\u001b[1m: this function takes 1 argument but 2 arguments were supplied\u001b[0m\n   \u001b[1m\u001b[94m--> \u001b[0mcrates/hyperphysics-pbit/tests/proptest_gillespie.rs:101:27\n    \u001b[1m\u001b[94m|\u001b[0m\n\u001b[1m\u001b[94m101\u001b[0m \u001b[1m\u001b[94m|\u001b[0m             let mut sim = GillespieSimulator::new(lattice, temperature);\n    \u001b[1m\u001b[94m|\u001b[0m                           \u001b[1m\u001b[91m^^^^^^^^^^^^^^^^^^^^^^^\u001b[0m          \u001b[1m\u001b[94m-----------\u001b[0m \u001b[1m\u001b[94munexpected argument #2 of type `f64`\u001b[0m\n    \u001b[1m\u001b[94m|\u001b[0m\n\u001b[1m\u001b[92mnote\u001b[0m: associated function defined here\n   \u001b[1m\u001b[94m--> \u001b[0m/Users/ashina/Desktop/Kurultay/HyperPhysics/crates/hyperphysics-pbit/src/gillespie.rs:26:12\n    \u001b[1m\u001b[94m|\u001b[0m\n\u001b[1m\u001b[94m 26\u001b[0m \u001b[1m\u001b[94m|\u001b[0m     pub fn new(lattice: PBitLattice) -> Self {\n    \u001b[1m\u001b[94m|\u001b[0m            \u001b[1m\u001b[92m^^^\u001b[0m\n\u001b[1m\u001b[96mhelp\u001b[0m: remove the extra argument\n    \u001b[1m\u001b[94m|\u001b[0m\n\u001b[1m\u001b[94m101\u001b[0m \u001b[91m- \u001b[0m            let mut sim = GillespieSimulator::new(lattice\u001b[91m, temperature\u001b[0m);\n\u001b[1m\u001b[94m101\u001b[0m \u001b[92m+ \u001b[0m            let mut sim = GillespieSimulator::new(lattice);\n    \u001b[1m\u001b[94m|\u001b[0m\n\n"}
{"$message_type":"diagnostic","message":"no method named `simulate` found for struct `hyperphysics_pbit::GillespieSimulator` in the current scope","code":{"code":"E0599","explanation":"This error occurs when a method is used on a type which doesn't implement it:\n\nErroneous code example:\n\n```compile_fail,E0599\nstruct Mouth;\n\nlet x = Mouth;\nx.chocolate(); // error: no method named `chocolate` found for type `Mouth`\n               //        in the current scope\n```\n\nIn this case, you need to implement the `chocolate` method to fix the error:\n\n```\nstruct Mouth;\n\nimpl Mouth {\n    fn chocolate(&self) { // We implement the `chocolate` method here.\n        println!(\"Hmmm! I love chocolate!\");\n    }\n}\n\nlet x = Mouth;\nx.chocolate(); // ok!\n```\n"},"level":"error","spans":[{"file_name":"crates/hyperphysics-pbit/tests/proptest_gillespie.rs","byte_start":3565,"byte_end":3573,"line_start":104,"line_end":104,"column_start":17,"column_end":25,"is_primary":true,"text":[{"text":"            sim.simulate(steps, &mut rng)?;","highlight_start":17,"highlight_end":25}],"label":null,"suggested_replacement":null,"suggestion_applicability":null,"expansion":null}],"children":[{"message":"there is a method `simulate_until` with a similar name","code":null,"level":"help","spans":[{"file_name":"crates/hyperphysics-pbit/tests/proptest_gillespie.rs","byte_start":3565,"byte_end":3573,"line_start":104,"line_end":104,"column_start":17,"column_end":25,"is_primary":true,"text":[{"text":"            sim.simulate(steps, &mut rng)?;","highlight_start":17,"highlight_end":25}],"label":null,"suggested_replacement":"simulate_until","suggestion_applicability":"MaybeIncorrect","expansion":null}],"children":[],"rendered":null}],"rendered":"\u001b[1m\u001b[91merror[E0599]\u001b[0m\u001b[1m: no method named `simulate` found for struct `hyperphysics_pbit::GillespieSimulator` in the current scope\u001b[0m\n   \u001b[1m\u001b[94m--> \u001b[0mcrates/hyperphysics-pbit/tests/proptest_gillespie.rs:104:17\n    \u001b[1m\u001b[94m|\u001b[0m\n\u001b[1m\u001b[94m104\u001b[0m \u001b[1m\u001b[94m|\u001b[0m             sim.simulate(steps, &mut rng)?;\n    \u001b[1m\u001b[94m|\u001b[0m                 \u001b[1m\u001b[91m^^^^^^^^\u001b[0m\n    \u001b[1m\u001b[94m|\u001b[0m\n\u001b[1m\u001b[96mhelp\u001b[0m: there is a method `simulate_until` with a similar name\n    \u001b[1m\u001b[94m|\u001b[0m\n\u001b[1m\u001b[94m104\u001b[0m \u001b[1m\u001b[94m| \u001b[0m            sim.simulate\u001b[92m_until\u001b[0m(steps, &mut rng)?;\n    \u001b[1m\u001b[94m|\u001b[0m                         \u001b[92m++++++\u001b[0m\n\n"}
{"$message_type":"diagnostic","message":"no function or associated item named `square` found for struct `hyperphysics_pbit::PBitLattice` in the current scope","code":{"code":"E0599","explanation":"This error occurs when a method is used on a type which doesn't implement it:\n\nErroneous code example:\n\n```compile_fail,E0599\nstruct Mouth;\n\nlet x = Mouth;\nx.chocolate(); // error: no method named `chocolate` found for type `Mouth`\n               //        in the current scope\n```\n\nIn this case, you need to implement the `chocolate` method to fix the error:\n\n```\nstruct Mouth;\n\nimpl Mouth {\n    fn chocolate(&self) { // We implement the `chocolate` method here.\n        println!(\"Hmmm! I love chocolate!\");\n    }\n}\n\nlet x = Mouth;\nx.chocolate(); // ok!\n```\n"},"level":"error","spans":[{"file_name":"crates/hyperphysics-pbit/tests/proptest_gillespie.rs","byte_start":6126,"byte_end":6132,"line_start":184,"line_end":184,"column_start":40,"column_end":46,"is_primary":true,"text":[{"text":"            let lattice = PBitLattice::square(size)?;","highlight_start":40,"highlight_end":46}],"label":"function or associated item not found in `hyperphysics_pbit::PBitLattice`","suggested_replacement":null,"suggestion_applicability":null,"expansion":null}],"children":[{"message":"if you're trying to build a new `hyperphysics_pbit::PBitLattice` consider using one of the following associated functions:\nhyperphysics_pbit::PBitLattice::new\nhyperphysics_pbit::PBitLattice::roi_48","code":null,"level":"note","spans":[{"file_name":"/Users/ashina/Desktop/Kurultay/HyperPhysics/crates/hyperphysics-pbit/src/lattice.rs","byte_start":633,"byte_end":711,"line_start":22,"line_end":22,"column_start":5,"column_end":83,"is_primary":true,"text":[{"text":"    pub fn new(p: usize, q: usize, depth: usize, temperature: f64) -> Result<Self> {","highlight_start":5,"highlight_end":83}],"label":null,"suggested_replacement":null,"suggestion_applicability":null,"expansion":null},{"file_name":"/Users/ashina/Desktop/Kurultay/HyperPhysics/crates/hyperphysics-pbit/src/lattice.rs","byte_start":1230,"byte_end":1277,"line_start":41,"line_end":41,"column_start":5,"column_end":52,"is_primary":true,"text":[{"text":"    pub fn roi_48(temperature: f64) -> Result<Self> {","highlight_start":5,"highlight_end":52}],"label":null,"suggested_replacement":null,"suggestion_applicability":null,"expansion":null}],"children":[],"rendered":null}],"rendered":"\u001b[1m\u001b[91merror[E0599]\u001b[0m\u001b[1m: no function or associated item named `square` found for struct `hyperphysics_pbit::PBitLattice` in the current scope\u001b[0m\n   \u001b[1m\u001b[94m--> \u001b[0mcrates/hyperphysics-pbit/tests/proptest_gillespie.rs:184:40\n    \u001b[1m\u001b[94m|\u001b[0m\n\u001b[1m\u001b[94m184\u001b[0m \u001b[1m\u001b[94m|\u001b[0m             let lattice = PBitLattice::square(size)?;\n    \u001b[1m\u001b[94m|\u001b[0m                                        \u001b[1m\u001b[91m^^^^^^\u001b[0m \u001b[1m\u001b[91mfunction or associated item not found in `hyperphysics_pbit::PBitLattice`\u001b[0m\n    \u001b[1m\u001b[94m|\u001b[0m\n\u001b[1m\u001b[92mnote\u001b[0m: if you're trying to build a new `hyperphysics_pbit::PBitLattice` consider using one of the following associated functions:\n      hyperphysics_pbit::PBitLattice::new\n      hyperphysics_pbit::PBitLattice::roi_48\n   \u001b[1m\u001b[94m--> \u001b[0m/Users/ashina/Desktop/Kurultay/HyperPhysics/crates/hyperphysics-pbit/src/lattice.rs:22:5\n    \u001b[1m\u001b[94m|\u001b[0m\n\u001b[1m\u001b[94m 22\u001b[0m \u001b[1m\u001b[94m|\u001b[0m     pub fn new(p: usize, q: usize, depth: usize, temperature: f64) -> Result<Self> {\n    \u001b[1m\u001b[94m|\u001b[0m     \u001b[1m\u001b[92m^^^^^^^^^^^^^^^^^^^^^^^^^^^^^^^^^^^^^^^^^^^^^^^^^^^^^^^^^^^^^^^^^^^^^^^^^^^^^^\u001b[0m\n\u001b[1m\u001b[94m...\u001b[0m\n\u001b[1m\u001b[94m 41\u001b[0m \u001b[1m\u001b[94m|\u001b[0m     pub fn roi_48(temperature: f64) -> Result<Self> {\n    \u001b[1m\u001b[94m|\u001b[0m     \u001b[1m\u001b[92m^^^^^^^^^^^^^^^^^^^^^^^^^^^^^^^^^^^^^^^^^^^^^^^\u001b[0m\n\n"}
{"$message_type":"diagnostic","message":"no function or associated item named `square` found for struct `hyperphysics_pbit::PBitLattice` in the current scope","code":{"code":"E0599","explanation":"This error occurs when a method is used on a type which doesn't implement it:\n\nErroneous code example:\n\n```compile_fail,E0599\nstruct Mouth;\n\nlet x = Mouth;\nx.chocolate(); // error: no method named `chocolate` found for type `Mouth`\n               //        in the current scope\n```\n\nIn this case, you need to implement the `chocolate` method to fix the error:\n\n```\nstruct Mouth;\n\nimpl Mouth {\n    fn chocolate(&self) { // We implement the `chocolate` method here.\n        println!(\"Hmmm! I love chocolate!\");\n    }\n}\n\nlet x = Mouth;\nx.chocolate(); // ok!\n```\n"},"level":"error","spans":[{"file_name":"crates/hyperphysics-pbit/tests/proptest_gillespie.rs","byte_start":6434,"byte_end":6440,"line_start":195,"line_end":195,"column_start":40,"column_end":46,"is_primary":true,"text":[{"text":"            let lattice = PBitLattice::square(10)?;","highlight_start":40,"highlight_end":46}],"label":"function or associated item not found in `hyperphysics_pbit::PBitLattice`","suggested_replacement":null,"suggestion_applicability":null,"expansion":null}],"children":[{"message":"if you're trying to build a new `hyperphysics_pbit::PBitLattice` consider using one of the following associated functions:\nhyperphysics_pbit::PBitLattice::new\nhyperphysics_pbit::PBitLattice::roi_48","code":null,"level":"note","spans":[{"file_name":"/Users/ashina/Desktop/Kurultay/HyperPhysics/crates/hyperphysics-pbit/src/lattice.rs","byte_start":633,"byte_end":711,"line_start":22,"line_end":22,"column_start":5,"column_end":83,"is_primary":true,"text":[{"text":"    pub fn new(p: usize, q: usize, depth: usize, temperature: f64) -> Result<Self> {","highlight_start":5,"highlight_end":83}],"label":null,"suggested_replacement":null,"suggestion_applicability":null,"expansion":null},{"file_name":"/Users/ashina/Desktop/Kurultay/HyperPhysics/crates/hyperphysics-pbit/src/lattice.rs","byte_start":1230,"byte_end":1277,"line_start":41,"line_end":41,"column_start":5,"column_end":52,"is_primary":true,"text":[{"text":"    pub fn roi_48(temperature: f64) -> Result<Self> {","highlight_start":5,"highlight_end":52}],"label":null,"suggested_replacement":null,"suggestion_applicability":null,"expansion":null}],"children":[],"rendered":null}],"rendered":"\u001b[1m\u001b[91merror[E0599]\u001b[0m\u001b[1m: no function or associated item named `square` found for struct `hyperphysics_pbit::PBitLattice` in the current scope\u001b[0m\n   \u001b[1m\u001b[94m--> \u001b[0mcrates/hyperphysics-pbit/tests/proptest_gillespie.rs:195:40\n    \u001b[1m\u001b[94m|\u001b[0m\n\u001b[1m\u001b[94m195\u001b[0m \u001b[1m\u001b[94m|\u001b[0m             let lattice = PBitLattice::square(10)?;\n    \u001b[1m\u001b[94m|\u001b[0m                                        \u001b[1m\u001b[91m^^^^^^\u001b[0m \u001b[1m\u001b[91mfunction or associated item not found in `hyperphysics_pbit::PBitLattice`\u001b[0m\n    \u001b[1m\u001b[94m|\u001b[0m\n\u001b[1m\u001b[92mnote\u001b[0m: if you're trying to build a new `hyperphysics_pbit::PBitLattice` consider using one of the following associated functions:\n      hyperphysics_pbit::PBitLattice::new\n      hyperphysics_pbit::PBitLattice::roi_48\n   \u001b[1m\u001b[94m--> \u001b[0m/Users/ashina/Desktop/Kurultay/HyperPhysics/crates/hyperphysics-pbit/src/lattice.rs:22:5\n    \u001b[1m\u001b[94m|\u001b[0m\n\u001b[1m\u001b[94m 22\u001b[0m \u001b[1m\u001b[94m|\u001b[0m     pub fn new(p: usize, q: usize, depth: usize, temperature: f64) -> Result<Self> {\n    \u001b[1m\u001b[94m|\u001b[0m     \u001b[1m\u001b[92m^^^^^^^^^^^^^^^^^^^^^^^^^^^^^^^^^^^^^^^^^^^^^^^^^^^^^^^^^^^^^^^^^^^^^^^^^^^^^^\u001b[0m\n\u001b[1m\u001b[94m...\u001b[0m\n\u001b[1m\u001b[94m 41\u001b[0m \u001b[1m\u001b[94m|\u001b[0m     pub fn roi_48(temperature: f64) -> Result<Self> {\n    \u001b[1m\u001b[94m|\u001b[0m     \u001b[1m\u001b[92m^^^^^^^^^^^^^^^^^^^^^^^^^^^^^^^^^^^^^^^^^^^^^^^\u001b[0m\n\n"}
{"$message_type":"diagnostic","message":"this function takes 1 argument but 2 arguments were supplied","code":{"code":"E0061","explanation":"An invalid number of arguments was passed when calling a function.\n\nErroneous code example:\n\n```compile_fail,E0061\nfn f(u: i32) {}\n\nf(); // error!\n```\n\nThe number of arguments passed to a function must match the number of arguments\nspecified in the function signature.\n\nFor example, a function like:\n\n```\nfn f(a: u16, b: &str) {}\n```\n\nMust always be called with exactly two arguments, e.g., `f(2, \"test\")`.\n\nNote that Rust does not have a notion of optional function arguments or\nvariadic functions (except for its C-FFI).\n"},"level":"error","spans":[{"file_name":"crates/hyperphysics-pbit/tests/proptest_gillespie.rs","byte_start":7780,"byte_end":7791,"line_start":238,"line_end":238,"column_start":60,"column_end":71,"is_primary":false,"text":[{"text":"            let mut sim = GillespieSimulator::new(lattice, temperature);","highlight_start":60,"highlight_end":71}],"label":"unexpected argument #2 of type `f64`","suggested_replacement":null,"suggestion_applicability":null,"expansion":null},{"file_name":"crates/hyperphysics-pbit/tests/proptest_gillespie.rs","byte_start":7747,"byte_end":7770,"line_start":238,"line_end":238,"column_start":27,"column_end":50,"is_primary":true,"text":[{"text":"            let mut sim = GillespieSimulator::new(lattice, temperature);","highlight_start":27,"highlight_end":50}],"label":null,"suggested_replacement":null,"suggestion_applicability":null,"expansion":null}],"children":[{"message":"associated function defined here","code":null,"level":"note","spans":[{"file_name":"/Users/ashina/Desktop/Kurultay/HyperPhysics/crates/hyperphysics-pbit/src/gillespie.rs","byte_start":812,"byte_end":815,"line_start":26,"line_end":26,"column_start":12,"column_end":15,"is_primary":true,"text":[{"text":"    pub fn new(lattice: PBitLattice) -> Self {","highlight_start":12,"highlight_end":15}],"label":null,"suggested_replacement":null,"suggestion_applicability":null,"expansion":null}],"children":[],"rendered":null},{"message":"remove the extra argument","code":null,"level":"help","spans":[{"file_name":"crates/hyperphysics-pbit/tests/proptest_gillespie.rs","byte_start":7778,"byte_end":7791,"line_start":238,"line_end":238,"column_start":58,"column_end":71,"is_primary":true,"text":[{"text":"            let mut sim = GillespieSimulator::new(lattice, temperature);","highlight_start":58,"highlight_end":71}],"label":null,"suggested_replacement":"","suggestion_applicability":"HasPlaceholders","expansion":null}],"children":[],"rendered":null}],"rendered":"\u001b[1m\u001b[91merror[E0061]\u001b[0m\u001b[1m: this function takes 1 argument but 2 arguments were supplied\u001b[0m\n   \u001b[1m\u001b[94m--> \u001b[0mcrates/hyperphysics-pbit/tests/proptest_gillespie.rs:238:27\n    \u001b[1m\u001b[94m|\u001b[0m\n\u001b[1m\u001b[94m238\u001b[0m \u001b[1m\u001b[94m|\u001b[0m             let mut sim = GillespieSimulator::new(lattice, temperature);\n    \u001b[1m\u001b[94m|\u001b[0m                           \u001b[1m\u001b[91m^^^^^^^^^^^^^^^^^^^^^^^\u001b[0m          \u001b[1m\u001b[94m-----------\u001b[0m \u001b[1m\u001b[94munexpected argument #2 of type `f64`\u001b[0m\n    \u001b[1m\u001b[94m|\u001b[0m\n\u001b[1m\u001b[92mnote\u001b[0m: associated function defined here\n   \u001b[1m\u001b[94m--> \u001b[0m/Users/ashina/Desktop/Kurultay/HyperPhysics/crates/hyperphysics-pbit/src/gillespie.rs:26:12\n    \u001b[1m\u001b[94m|\u001b[0m\n\u001b[1m\u001b[94m 26\u001b[0m \u001b[1m\u001b[94m|\u001b[0m     pub fn new(lattice: PBitLattice) -> Self {\n    \u001b[1m\u001b[94m|\u001b[0m            \u001b[1m\u001b[92m^^^\u001b[0m\n\u001b[1m\u001b[96mhelp\u001b[0m: remove the extra argument\n    \u001b[1m\u001b[94m|\u001b[0m\n\u001b[1m\u001b[94m238\u001b[0m \u001b[91m- \u001b[0m            let mut sim = GillespieSimulator::new(lattice\u001b[91m, temperature\u001b[0m);\n\u001b[1m\u001b[94m238\u001b[0m \u001b[92m+ \u001b[0m            let mut sim = GillespieSimulator::new(lattice);\n    \u001b[1m\u001b[94m|\u001b[0m\n\n"}
{"$message_type":"diagnostic","message":"no method named `total_energy` found for struct `hyperphysics_pbit::GillespieSimulator` in the current scope","code":{"code":"E0599","explanation":"This error occurs when a method is used on a type which doesn't implement it:\n\nErroneous code example:\n\n```compile_fail,E0599\nstruct Mouth;\n\nlet x = Mouth;\nx.chocolate(); // error: no method named `chocolate` found for type `Mouth`\n               //        in the current scope\n```\n\nIn this case, you need to implement the `chocolate` method to fix the error:\n\n```\nstruct Mouth;\n\nimpl Mouth {\n    fn chocolate(&self) { // We implement the `chocolate` method here.\n        println!(\"Hmmm! I love chocolate!\");\n    }\n}\n\nlet x = Mouth;\nx.chocolate(); // ok!\n```\n"},"level":"error","spans":[{"file_name":"crates/hyperphysics-pbit/tests/proptest_gillespie.rs","byte_start":7831,"byte_end":7843,"line_start":240,"line_end":240,"column_start":37,"column_end":49,"is_primary":true,"text":[{"text":"            let energy_before = sim.total_energy();","highlight_start":37,"highlight_end":49}],"label":"method not found in `hyperphysics_pbit::GillespieSimulator`","suggested_replacement":null,"suggestion_applicability":null,"expansion":null}],"children":[],"rendered":"\u001b[1m\u001b[91merror[E0599]\u001b[0m\u001b[1m: no method named `total_energy` found for struct `hyperphysics_pbit::GillespieSimulator` in the current scope\u001b[0m\n   \u001b[1m\u001b[94m--> \u001b[0mcrates/hyperphysics-pbit/tests/proptest_gillespie.rs:240:37\n    \u001b[1m\u001b[94m|\u001b[0m\n\u001b[1m\u001b[94m240\u001b[0m \u001b[1m\u001b[94m|\u001b[0m             let energy_before = sim.total_energy();\n    \u001b[1m\u001b[94m|\u001b[0m                                     \u001b[1m\u001b[91m^^^^^^^^^^^^\u001b[0m \u001b[1m\u001b[91mmethod not found in `hyperphysics_pbit::GillespieSimulator`\u001b[0m\n\n"}
{"$message_type":"diagnostic","message":"no method named `flip_spin` found for struct `hyperphysics_pbit::GillespieSimulator` in the current scope","code":{"code":"E0599","explanation":"This error occurs when a method is used on a type which doesn't implement it:\n\nErroneous code example:\n\n```compile_fail,E0599\nstruct Mouth;\n\nlet x = Mouth;\nx.chocolate(); // error: no method named `chocolate` found for type `Mouth`\n               //        in the current scope\n```\n\nIn this case, you need to implement the `chocolate` method to fix the error:\n\n```\nstruct Mouth;\n\nimpl Mouth {\n    fn chocolate(&self) { // We implement the `chocolate` method here.\n        println!(\"Hmmm! I love chocolate!\");\n    }\n}\n\nlet x = Mouth;\nx.chocolate(); // ok!\n```\n"},"level":"error","spans":[{"file_name":"crates/hyperphysics-pbit/tests/proptest_gillespie.rs","byte_start":7889,"byte_end":7898,"line_start":243,"line_end":243,"column_start":17,"column_end":26,"is_primary":true,"text":[{"text":"            sim.flip_spin(site);","highlight_start":17,"highlight_end":26}],"label":"method not found in `hyperphysics_pbit::GillespieSimulator`","suggested_replacement":null,"suggestion_applicability":null,"expansion":null}],"children":[],"rendered":"\u001b[1m\u001b[91merror[E0599]\u001b[0m\u001b[1m: no method named `flip_spin` found for struct `hyperphysics_pbit::GillespieSimulator` in the current scope\u001b[0m\n   \u001b[1m\u001b[94m--> \u001b[0mcrates/hyperphysics-pbit/tests/proptest_gillespie.rs:243:17\n    \u001b[1m\u001b[94m|\u001b[0m\n\u001b[1m\u001b[94m243\u001b[0m \u001b[1m\u001b[94m|\u001b[0m             sim.flip_spin(site);\n    \u001b[1m\u001b[94m|\u001b[0m                 \u001b[1m\u001b[91m^^^^^^^^^\u001b[0m \u001b[1m\u001b[91mmethod not found in `hyperphysics_pbit::GillespieSimulator`\u001b[0m\n\n"}
{"$message_type":"diagnostic","message":"no method named `total_energy` found for struct `hyperphysics_pbit::GillespieSimulator` in the current scope","code":{"code":"E0599","explanation":"This error occurs when a method is used on a type which doesn't implement it:\n\nErroneous code example:\n\n```compile_fail,E0599\nstruct Mouth;\n\nlet x = Mouth;\nx.chocolate(); // error: no method named `chocolate` found for type `Mouth`\n               //        in the current scope\n```\n\nIn this case, you need to implement the `chocolate` method to fix the error:\n\n```\nstruct Mouth;\n\nimpl Mouth {\n    fn chocolate(&self) { // We implement the `chocolate` method here.\n        println!(\"Hmmm! I love chocolate!\");\n    }\n}\n\nlet x = Mouth;\nx.chocolate(); // ok!\n```\n"},"level":"error","spans":[{"file_name":"crates/hyperphysics-pbit/tests/proptest_gillespie.rs","byte_start":7943,"byte_end":7955,"line_start":244,"line_end":244,"column_start":38,"column_end":50,"is_primary":true,"text":[{"text":"            let energy_flipped = sim.total_energy();","highlight_start":38,"highlight_end":50}],"label":"method not found in `hyperphysics_pbit::GillespieSimulator`","suggested_replacement":null,"suggestion_applicability":null,"expansion":null}],"children":[],"rendered":"\u001b[1m\u001b[91merror[E0599]\u001b[0m\u001b[1m: no method named `total_energy` found for struct `hyperphysics_pbit::GillespieSimulator` in the current scope\u001b[0m\n   \u001b[1m\u001b[94m--> \u001b[0mcrates/hyperphysics-pbit/tests/proptest_gillespie.rs:244:38\n    \u001b[1m\u001b[94m|\u001b[0m\n\u001b[1m\u001b[94m244\u001b[0m \u001b[1m\u001b[94m|\u001b[0m             let energy_flipped = sim.total_energy();\n    \u001b[1m\u001b[94m|\u001b[0m                                      \u001b[1m\u001b[91m^^^^^^^^^^^^\u001b[0m \u001b[1m\u001b[91mmethod not found in `hyperphysics_pbit::GillespieSimulator`\u001b[0m\n\n"}
{"$message_type":"diagnostic","message":"no method named `flip_spin` found for struct `hyperphysics_pbit::GillespieSimulator` in the current scope","code":{"code":"E0599","explanation":"This error occurs when a method is used on a type which doesn't implement it:\n\nErroneous code example:\n\n```compile_fail,E0599\nstruct Mouth;\n\nlet x = Mouth;\nx.chocolate(); // error: no method named `chocolate` found for type `Mouth`\n               //        in the current scope\n```\n\nIn this case, you need to implement the `chocolate` method to fix the error:\n\n```\nstruct Mouth;\n\nimpl Mouth {\n    fn chocolate(&self) { // We implement the `chocolate` method here.\n        println!(\"Hmmm! I love chocolate!\");\n    }\n}\n\nlet x = Mouth;\nx.chocolate(); // ok!\n```\n"},"level":"error","spans":[{"file_name":"crates/hyperphysics-pbit/tests/proptest_gillespie.rs","byte_start":8001,"byte_end":8010,"line_start":247,"line_end":247,"column_start":17,"column_end":26,"is_primary":true,"text":[{"text":"            sim.flip_spin(site);","highlight_start":17,"highlight_end":26}],"label":"method not found in `hyperphysics_pbit::GillespieSimulator`","suggested_replacement":null,"suggestion_applicability":null,"expansion":null}],"children":[],"rendered":"\u001b[1m\u001b[91merror[E0599]\u001b[0m\u001b[1m: no method named `flip_spin` found for struct `hyperphysics_pbit::GillespieSimulator` in the current scope\u001b[0m\n   \u001b[1m\u001b[94m--> \u001b[0mcrates/hyperphysics-pbit/tests/proptest_gillespie.rs:247:17\n    \u001b[1m\u001b[94m|\u001b[0m\n\u001b[1m\u001b[94m247\u001b[0m \u001b[1m\u001b[94m|\u001b[0m             sim.flip_spin(site);\n    \u001b[1m\u001b[94m|\u001b[0m                 \u001b[1m\u001b[91m^^^^^^^^^\u001b[0m \u001b[1m\u001b[91mmethod not found in `hyperphysics_pbit::GillespieSimulator`\u001b[0m\n\n"}
{"$message_type":"diagnostic","message":"no method named `total_energy` found for struct `hyperphysics_pbit::GillespieSimulator` in the current scope","code":{"code":"E0599","explanation":"This error occurs when a method is used on a type which doesn't implement it:\n\nErroneous code example:\n\n```compile_fail,E0599\nstruct Mouth;\n\nlet x = Mouth;\nx.chocolate(); // error: no method named `chocolate` found for type `Mouth`\n               //        in the current scope\n```\n\nIn this case, you need to implement the `chocolate` method to fix the error:\n\n```\nstruct Mouth;\n\nimpl Mouth {\n    fn chocolate(&self) { // We implement the `chocolate` method here.\n        println!(\"Hmmm! I love chocolate!\");\n    }\n}\n\nlet x = Mouth;\nx.chocolate(); // ok!\n```\n"},"level":"error","spans":[{"file_name":"crates/hyperphysics-pbit/tests/proptest_gillespie.rs","byte_start":8053,"byte_end":8065,"line_start":248,"line_end":248,"column_start":36,"column_end":48,"is_primary":true,"text":[{"text":"            let energy_after = sim.total_energy();","highlight_start":36,"highlight_end":48}],"label":"method not found in `hyperphysics_pbit::GillespieSimulator`","suggested_replacement":null,"suggestion_applicability":null,"expansion":null}],"children":[],"rendered":"\u001b[1m\u001b[91merror[E0599]\u001b[0m\u001b[1m: no method named `total_energy` found for struct `hyperphysics_pbit::GillespieSimulator` in the current scope\u001b[0m\n   \u001b[1m\u001b[94m--> \u001b[0mcrates/hyperphysics-pbit/tests/proptest_gillespie.rs:248:36\n    \u001b[1m\u001b[94m|\u001b[0m\n\u001b[1m\u001b[94m248\u001b[0m \u001b[1m\u001b[94m|\u001b[0m             let energy_after = sim.total_energy();\n    \u001b[1m\u001b[94m|\u001b[0m                                    \u001b[1m\u001b[91m^^^^^^^^^^^^\u001b[0m \u001b[1m\u001b[91mmethod not found in `hyperphysics_pbit::GillespieSimulator`\u001b[0m\n\n"}
{"$message_type":"diagnostic","message":"no function or associated item named `square` found for struct `hyperphysics_pbit::PBitLattice` in the current scope","code":{"code":"E0599","explanation":"This error occurs when a method is used on a type which doesn't implement it:\n\nErroneous code example:\n\n```compile_fail,E0599\nstruct Mouth;\n\nlet x = Mouth;\nx.chocolate(); // error: no method named `chocolate` found for type `Mouth`\n               //        in the current scope\n```\n\nIn this case, you need to implement the `chocolate` method to fix the error:\n\n```\nstruct Mouth;\n\nimpl Mouth {\n    fn chocolate(&self) { // We implement the `chocolate` method here.\n        println!(\"Hmmm! I love chocolate!\");\n    }\n}\n\nlet x = Mouth;\nx.chocolate(); // ok!\n```\n"},"level":"error","spans":[{"file_name":"crates/hyperphysics-pbit/tests/proptest_gillespie.rs","byte_start":8423,"byte_end":8429,"line_start":259,"line_end":259,"column_start":46,"column_end":52,"is_primary":true,"text":[{"text":"            let lattice_small = PBitLattice::square(4)?;","highlight_start":46,"highlight_end":52}],"label":"function or associated item not found in `hyperphysics_pbit::PBitLattice`","suggested_replacement":null,"suggestion_applicability":null,"expansion":null}],"children":[{"message":"if you're trying to build a new `hyperphysics_pbit::PBitLattice` consider using one of the following associated functions:\nhyperphysics_pbit::PBitLattice::new\nhyperphysics_pbit::PBitLattice::roi_48","code":null,"level":"note","spans":[{"file_name":"/Users/ashina/Desktop/Kurultay/HyperPhysics/crates/hyperphysics-pbit/src/lattice.rs","byte_start":633,"byte_end":711,"line_start":22,"line_end":22,"column_start":5,"column_end":83,"is_primary":true,"text":[{"text":"    pub fn new(p: usize, q: usize, depth: usize, temperature: f64) -> Result<Self> {","highlight_start":5,"highlight_end":83}],"label":null,"suggested_replacement":null,"suggestion_applicability":null,"expansion":null},{"file_name":"/Users/ashina/Desktop/Kurultay/HyperPhysics/crates/hyperphysics-pbit/src/lattice.rs","byte_start":1230,"byte_end":1277,"line_start":41,"line_end":41,"column_start":5,"column_end":52,"is_primary":true,"text":[{"text":"    pub fn roi_48(temperature: f64) -> Result<Self> {","highlight_start":5,"highlight_end":52}],"label":null,"suggested_replacement":null,"suggestion_applicability":null,"expansion":null}],"children":[],"rendered":null}],"rendered":"\u001b[1m\u001b[91merror[E0599]\u001b[0m\u001b[1m: no function or associated item named `square` found for struct `hyperphysics_pbit::PBitLattice` in the current scope\u001b[0m\n   \u001b[1m\u001b[94m--> \u001b[0mcrates/hyperphysics-pbit/tests/proptest_gillespie.rs:259:46\n    \u001b[1m\u001b[94m|\u001b[0m\n\u001b[1m\u001b[94m259\u001b[0m \u001b[1m\u001b[94m|\u001b[0m             let lattice_small = PBitLattice::square(4)?;\n    \u001b[1m\u001b[94m|\u001b[0m                                              \u001b[1m\u001b[91m^^^^^^\u001b[0m \u001b[1m\u001b[91mfunction or associated item not found in `hyperphysics_pbit::PBitLattice`\u001b[0m\n    \u001b[1m\u001b[94m|\u001b[0m\n\u001b[1m\u001b[92mnote\u001b[0m: if you're trying to build a new `hyperphysics_pbit::PBitLattice` consider using one of the following associated functions:\n      hyperphysics_pbit::PBitLattice::new\n      hyperphysics_pbit::PBitLattice::roi_48\n   \u001b[1m\u001b[94m--> \u001b[0m/Users/ashina/Desktop/Kurultay/HyperPhysics/crates/hyperphysics-pbit/src/lattice.rs:22:5\n    \u001b[1m\u001b[94m|\u001b[0m\n\u001b[1m\u001b[94m 22\u001b[0m \u001b[1m\u001b[94m|\u001b[0m     pub fn new(p: usize, q: usize, depth: usize, temperature: f64) -> Result<Self> {\n    \u001b[1m\u001b[94m|\u001b[0m     \u001b[1m\u001b[92m^^^^^^^^^^^^^^^^^^^^^^^^^^^^^^^^^^^^^^^^^^^^^^^^^^^^^^^^^^^^^^^^^^^^^^^^^^^^^^\u001b[0m\n\u001b[1m\u001b[94m...\u001b[0m\n\u001b[1m\u001b[94m 41\u001b[0m \u001b[1m\u001b[94m|\u001b[0m     pub fn roi_48(temperature: f64) -> Result<Self> {\n    \u001b[1m\u001b[94m|\u001b[0m     \u001b[1m\u001b[92m^^^^^^^^^^^^^^^^^^^^^^^^^^^^^^^^^^^^^^^^^^^^^^^\u001b[0m\n\n"}
{"$message_type":"diagnostic","message":"no function or associated item named `square` found for struct `hyperphysics_pbit::PBitLattice` in the current scope","code":{"code":"E0599","explanation":"This error occurs when a method is used on a type which doesn't implement it:\n\nErroneous code example:\n\n```compile_fail,E0599\nstruct Mouth;\n\nlet x = Mouth;\nx.chocolate(); // error: no method named `chocolate` found for type `Mouth`\n               //        in the current scope\n```\n\nIn this case, you need to implement the `chocolate` method to fix the error:\n\n```\nstruct Mouth;\n\nimpl Mouth {\n    fn chocolate(&self) { // We implement the `chocolate` method here.\n        println!(\"Hmmm! I love chocolate!\");\n    }\n}\n\nlet x = Mouth;\nx.chocolate(); // ok!\n```\n"},"level":"error","spans":[{"file_name":"crates/hyperphysics-pbit/tests/proptest_gillespie.rs","byte_start":8480,"byte_end":8486,"line_start":260,"line_end":260,"column_start":46,"column_end":52,"is_primary":true,"text":[{"text":"            let lattice_large = PBitLattice::square(8)?;","highlight_start":46,"highlight_end":52}],"label":"function or associated item not found in `hyperphysics_pbit::PBitLattice`","suggested_replacement":null,"suggestion_applicability":null,"expansion":null}],"children":[{"message":"if you're trying to build a new `hyperphysics_pbit::PBitLattice` consider using one of the following associated functions:\nhyperphysics_pbit::PBitLattice::new\nhyperphysics_pbit::PBitLattice::roi_48","code":null,"level":"note","spans":[{"file_name":"/Users/ashina/Desktop/Kurultay/HyperPhysics/crates/hyperphysics-pbit/src/lattice.rs","byte_start":633,"byte_end":711,"line_start":22,"line_end":22,"column_start":5,"column_end":83,"is_primary":true,"text":[{"text":"    pub fn new(p: usize, q: usize, depth: usize, temperature: f64) -> Result<Self> {","highlight_start":5,"highlight_end":83}],"label":null,"suggested_replacement":null,"suggestion_applicability":null,"expansion":null},{"file_name":"/Users/ashina/Desktop/Kurultay/HyperPhysics/crates/hyperphysics-pbit/src/lattice.rs","byte_start":1230,"byte_end":1277,"line_start":41,"line_end":41,"column_start":5,"column_end":52,"is_primary":true,"text":[{"text":"    pub fn roi_48(temperature: f64) -> Result<Self> {","highlight_start":5,"highlight_end":52}],"label":null,"suggested_replacement":null,"suggestion_applicability":null,"expansion":null}],"children":[],"rendered":null}],"rendered":"\u001b[1m\u001b[91merror[E0599]\u001b[0m\u001b[1m: no function or associated item named `square` found for struct `hyperphysics_pbit::PBitLattice` in the current scope\u001b[0m\n   \u001b[1m\u001b[94m--> \u001b[0mcrates/hyperphysics-pbit/tests/proptest_gillespie.rs:260:46\n    \u001b[1m\u001b[94m|\u001b[0m\n\u001b[1m\u001b[94m260\u001b[0m \u001b[1m\u001b[94m|\u001b[0m             let lattice_large = PBitLattice::square(8)?;\n    \u001b[1m\u001b[94m|\u001b[0m                                              \u001b[1m\u001b[91m^^^^^^\u001b[0m \u001b[1m\u001b[91mfunction or associated item not found in `hyperphysics_pbit::PBitLattice`\u001b[0m\n    \u001b[1m\u001b[94m|\u001b[0m\n\u001b[1m\u001b[92mnote\u001b[0m: if you're trying to build a new `hyperphysics_pbit::PBitLattice` consider using one of the following associated functions:\n      hyperphysics_pbit::PBitLattice::new\n      hyperphysics_pbit::PBitLattice::roi_48\n   \u001b[1m\u001b[94m--> \u001b[0m/Users/ashina/Desktop/Kurultay/HyperPhysics/crates/hyperphysics-pbit/src/lattice.rs:22:5\n    \u001b[1m\u001b[94m|\u001b[0m\n\u001b[1m\u001b[94m 22\u001b[0m \u001b[1m\u001b[94m|\u001b[0m     pub fn new(p: usize, q: usize, depth: usize, temperature: f64) -> Result<Self> {\n    \u001b[1m\u001b[94m|\u001b[0m     \u001b[1m\u001b[92m^^^^^^^^^^^^^^^^^^^^^^^^^^^^^^^^^^^^^^^^^^^^^^^^^^^^^^^^^^^^^^^^^^^^^^^^^^^^^^\u001b[0m\n\u001b[1m\u001b[94m...\u001b[0m\n\u001b[1m\u001b[94m 41\u001b[0m \u001b[1m\u001b[94m|\u001b[0m     pub fn roi_48(temperature: f64) -> Result<Self> {\n    \u001b[1m\u001b[94m|\u001b[0m     \u001b[1m\u001b[92m^^^^^^^^^^^^^^^^^^^^^^^^^^^^^^^^^^^^^^^^^^^^^^^\u001b[0m\n\n"}
{"$message_type":"diagnostic","message":"this function takes 1 argument but 2 arguments were supplied","code":{"code":"E0061","explanation":"An invalid number of arguments was passed when calling a function.\n\nErroneous code example:\n\n```compile_fail,E0061\nfn f(u: i32) {}\n\nf(); // error!\n```\n\nThe number of arguments passed to a function must match the number of arguments\nspecified in the function signature.\n\nFor example, a function like:\n\n```\nfn f(a: u16, b: &str) {}\n```\n\nMust always be called with exactly two arguments, e.g., `f(2, \"test\")`.\n\nNote that Rust does not have a notion of optional function arguments or\nvariadic functions (except for its C-FFI).\n"},"level":"error","spans":[{"file_name":"crates/hyperphysics-pbit/tests/proptest_gillespie.rs","byte_start":8560,"byte_end":8563,"line_start":262,"line_end":262,"column_start":68,"column_end":71,"is_primary":false,"text":[{"text":"            let sim_small = GillespieSimulator::new(lattice_small, 1.0);","highlight_start":68,"highlight_end":71}],"label":"unexpected argument #2 of type `{float}`","suggested_replacement":null,"suggestion_applicability":null,"expansion":null},{"file_name":"crates/hyperphysics-pbit/tests/proptest_gillespie.rs","byte_start":8521,"byte_end":8544,"line_start":262,"line_end":262,"column_start":29,"column_end":52,"is_primary":true,"text":[{"text":"            let sim_small = GillespieSimulator::new(lattice_small, 1.0);","highlight_start":29,"highlight_end":52}],"label":null,"suggested_replacement":null,"suggestion_applicability":null,"expansion":null}],"children":[{"message":"associated function defined here","code":null,"level":"note","spans":[{"file_name":"/Users/ashina/Desktop/Kurultay/HyperPhysics/crates/hyperphysics-pbit/src/gillespie.rs","byte_start":812,"byte_end":815,"line_start":26,"line_end":26,"column_start":12,"column_end":15,"is_primary":true,"text":[{"text":"    pub fn new(lattice: PBitLattice) -> Self {","highlight_start":12,"highlight_end":15}],"label":null,"suggested_replacement":null,"suggestion_applicability":null,"expansion":null}],"children":[],"rendered":null},{"message":"remove the extra argument","code":null,"level":"help","spans":[{"file_name":"crates/hyperphysics-pbit/tests/proptest_gillespie.rs","byte_start":8558,"byte_end":8563,"line_start":262,"line_end":262,"column_start":66,"column_end":71,"is_primary":true,"text":[{"text":"            let sim_small = GillespieSimulator::new(lattice_small, 1.0);","highlight_start":66,"highlight_end":71}],"label":null,"suggested_replacement":"","suggestion_applicability":"HasPlaceholders","expansion":null}],"children":[],"rendered":null}],"rendered":"\u001b[1m\u001b[91merror[E0061]\u001b[0m\u001b[1m: this function takes 1 argument but 2 arguments were supplied\u001b[0m\n   \u001b[1m\u001b[94m--> \u001b[0mcrates/hyperphysics-pbit/tests/proptest_gillespie.rs:262:29\n    \u001b[1m\u001b[94m|\u001b[0m\n\u001b[1m\u001b[94m262\u001b[0m \u001b[1m\u001b[94m|\u001b[0m             let sim_small = GillespieSimulator::new(lattice_small, 1.0);\n    \u001b[1m\u001b[94m|\u001b[0m                             \u001b[1m\u001b[91m^^^^^^^^^^^^^^^^^^^^^^^\u001b[0m                \u001b[1m\u001b[94m---\u001b[0m \u001b[1m\u001b[94munexpected argument #2 of type `{float}`\u001b[0m\n    \u001b[1m\u001b[94m|\u001b[0m\n\u001b[1m\u001b[92mnote\u001b[0m: associated function defined here\n   \u001b[1m\u001b[94m--> \u001b[0m/Users/ashina/Desktop/Kurultay/HyperPhysics/crates/hyperphysics-pbit/src/gillespie.rs:26:12\n    \u001b[1m\u001b[94m|\u001b[0m\n\u001b[1m\u001b[94m 26\u001b[0m \u001b[1m\u001b[94m|\u001b[0m     pub fn new(lattice: PBitLattice) -> Self {\n    \u001b[1m\u001b[94m|\u001b[0m            \u001b[1m\u001b[92m^^^\u001b[0m\n\u001b[1m\u001b[96mhelp\u001b[0m: remove the extra argument\n    \u001b[1m\u001b[94m|\u001b[0m\n\u001b[1m\u001b[94m262\u001b[0m \u001b[91m- \u001b[0m            let sim_small = GillespieSimulator::new(lattice_small\u001b[91m, 1.0\u001b[0m);\n\u001b[1m\u001b[94m262\u001b[0m \u001b[92m+ \u001b[0m            let sim_small = GillespieSimulator::new(lattice_small);\n    \u001b[1m\u001b[94m|\u001b[0m\n\n"}
{"$message_type":"diagnostic","message":"this function takes 1 argument but 2 arguments were supplied","code":{"code":"E0061","explanation":"An invalid number of arguments was passed when calling a function.\n\nErroneous code example:\n\n```compile_fail,E0061\nfn f(u: i32) {}\n\nf(); // error!\n```\n\nThe number of arguments passed to a function must match the number of arguments\nspecified in the function signature.\n\nFor example, a function like:\n\n```\nfn f(a: u16, b: &str) {}\n```\n\nMust always be called with exactly two arguments, e.g., `f(2, \"test\")`.\n\nNote that Rust does not have a notion of optional function arguments or\nvariadic functions (except for its C-FFI).\n"},"level":"error","spans":[{"file_name":"crates/hyperphysics-pbit/tests/proptest_gillespie.rs","byte_start":8633,"byte_end":8636,"line_start":263,"line_end":263,"column_start":68,"column_end":71,"is_primary":false,"text":[{"text":"            let sim_large = GillespieSimulator::new(lattice_large, 1.0);","highlight_start":68,"highlight_end":71}],"label":"unexpected argument #2 of type `{float}`","suggested_replacement":null,"suggestion_applicability":null,"expansion":null},{"file_name":"crates/hyperphysics-pbit/tests/proptest_gillespie.rs","byte_start":8594,"byte_end":8617,"line_start":263,"line_end":263,"column_start":29,"column_end":52,"is_primary":true,"text":[{"text":"            let sim_large = GillespieSimulator::new(lattice_large, 1.0);","highlight_start":29,"highlight_end":52}],"label":null,"suggested_replacement":null,"suggestion_applicability":null,"expansion":null}],"children":[{"message":"associated function defined here","code":null,"level":"note","spans":[{"file_name":"/Users/ashina/Desktop/Kurultay/HyperPhysics/crates/hyperphysics-pbit/src/gillespie.rs","byte_start":812,"byte_end":815,"line_start":26,"line_end":26,"column_start":12,"column_end":15,"is_primary":true,"text":[{"text":"    pub fn new(lattice: PBitLattice) -> Self {","highlight_start":12,"highlight_end":15}],"label":null,"suggested_replacement":null,"suggestion_applicability":null,"expansion":null}],"children":[],"rendered":null},{"message":"remove the extra argument","code":null,"level":"help","spans":[{"file_name":"crates/hyperphysics-pbit/tests/proptest_gillespie.rs","byte_start":8631,"byte_end":8636,"line_start":263,"line_end":263,"column_start":66,"column_end":71,"is_primary":true,"text":[{"text":"            let sim_large = GillespieSimulator::new(lattice_large, 1.0);","highlight_start":66,"highlight_end":71}],"label":null,"suggested_replacement":"","suggestion_applicability":"HasPlaceholders","expansion":null}],"children":[],"rendered":null}],"rendered":"\u001b[1m\u001b[91merror[E0061]\u001b[0m\u001b[1m: this function takes 1 argument but 2 arguments were supplied\u001b[0m\n   \u001b[1m\u001b[94m--> \u001b[0mcrates/hyperphysics-pbit/tests/proptest_gillespie.rs:263:29\n    \u001b[1m\u001b[94m|\u001b[0m\n\u001b[1m\u001b[94m263\u001b[0m \u001b[1m\u001b[94m|\u001b[0m             let sim_large = GillespieSimulator::new(lattice_large, 1.0);\n    \u001b[1m\u001b[94m|\u001b[0m                             \u001b[1m\u001b[91m^^^^^^^^^^^^^^^^^^^^^^^\u001b[0m                \u001b[1m\u001b[94m---\u001b[0m \u001b[1m\u001b[94munexpected argument #2 of type `{float}`\u001b[0m\n    \u001b[1m\u001b[94m|\u001b[0m\n\u001b[1m\u001b[92mnote\u001b[0m: associated function defined here\n   \u001b[1m\u001b[94m--> \u001b[0m/Users/ashina/Desktop/Kurultay/HyperPhysics/crates/hyperphysics-pbit/src/gillespie.rs:26:12\n    \u001b[1m\u001b[94m|\u001b[0m\n\u001b[1m\u001b[94m 26\u001b[0m \u001b[1m\u001b[94m|\u001b[0m     pub fn new(lattice: PBitLattice) -> Self {\n    \u001b[1m\u001b[94m|\u001b[0m            \u001b[1m\u001b[92m^^^\u001b[0m\n\u001b[1m\u001b[96mhelp\u001b[0m: remove the extra argument\n    \u001b[1m\u001b[94m|\u001b[0m\n\u001b[1m\u001b[94m263\u001b[0m \u001b[91m- \u001b[0m            let sim_large = GillespieSimulator::new(lattice_large\u001b[91m, 1.0\u001b[0m);\n\u001b[1m\u001b[94m263\u001b[0m \u001b[92m+ \u001b[0m            let sim_large = GillespieSimulator::new(lattice_large);\n    \u001b[1m\u001b[94m|\u001b[0m\n\n"}
{"$message_type":"diagnostic","message":"no method named `total_energy` found for struct `hyperphysics_pbit::GillespieSimulator` in the current scope","code":{"code":"E0599","explanation":"This error occurs when a method is used on a type which doesn't implement it:\n\nErroneous code example:\n\n```compile_fail,E0599\nstruct Mouth;\n\nlet x = Mouth;\nx.chocolate(); // error: no method named `chocolate` found for type `Mouth`\n               //        in the current scope\n```\n\nIn this case, you need to implement the `chocolate` method to fix the error:\n\n```\nstruct Mouth;\n\nimpl Mouth {\n    fn chocolate(&self) { // We implement the `chocolate` method here.\n        println!(\"Hmmm! I love chocolate!\");\n    }\n}\n\nlet x = Mouth;\nx.chocolate(); // ok!\n```\n"},"level":"error","spans":[{"file_name":"crates/hyperphysics-pbit/tests/proptest_gillespie.rs","byte_start":8681,"byte_end":8693,"line_start":265,"line_end":265,"column_start":42,"column_end":54,"is_primary":true,"text":[{"text":"            let energy_small = sim_small.total_energy().abs();","highlight_start":42,"highlight_end":54}],"label":"method not found in `hyperphysics_pbit::GillespieSimulator`","suggested_replacement":null,"suggestion_applicability":null,"expansion":null}],"children":[],"rendered":"\u001b[1m\u001b[91merror[E0599]\u001b[0m\u001b[1m: no method named `total_energy` found for struct `hyperphysics_pbit::GillespieSimulator` in the current scope\u001b[0m\n   \u001b[1m\u001b[94m--> \u001b[0mcrates/hyperphysics-pbit/tests/proptest_gillespie.rs:265:42\n    \u001b[1m\u001b[94m|\u001b[0m\n\u001b[1m\u001b[94m265\u001b[0m \u001b[1m\u001b[94m|\u001b[0m             let energy_small = sim_small.total_energy().abs();\n    \u001b[1m\u001b[94m|\u001b[0m                                          \u001b[1m\u001b[91m^^^^^^^^^^^^\u001b[0m \u001b[1m\u001b[91mmethod not found in `hyperphysics_pbit::GillespieSimulator`\u001b[0m\n\n"}
{"$message_type":"diagnostic","message":"no method named `total_energy` found for struct `hyperphysics_pbit::GillespieSimulator` in the current scope","code":{"code":"E0599","explanation":"This error occurs when a method is used on a type which doesn't implement it:\n\nErroneous code example:\n\n```compile_fail,E0599\nstruct Mouth;\n\nlet x = Mouth;\nx.chocolate(); // error: no method named `chocolate` found for type `Mouth`\n               //        in the current scope\n```\n\nIn this case, you need to implement the `chocolate` method to fix the error:\n\n```\nstruct Mouth;\n\nimpl Mouth {\n    fn chocolate(&self) { // We implement the `chocolate` method here.\n        println!(\"Hmmm! I love chocolate!\");\n    }\n}\n\nlet x = Mouth;\nx.chocolate(); // ok!\n```\n"},"level":"error","spans":[{"file_name":"crates/hyperphysics-pbit/tests/proptest_gillespie.rs","byte_start":8744,"byte_end":8756,"line_start":266,"line_end":266,"column_start":42,"column_end":54,"is_primary":true,"text":[{"text":"            let energy_large = sim_large.total_energy().abs();","highlight_start":42,"highlight_end":54}],"label":"method not found in `hyperphysics_pbit::GillespieSimulator`","suggested_replacement":null,"suggestion_applicability":null,"expansion":null}],"children":[],"rendered":"\u001b[1m\u001b[91merror[E0599]\u001b[0m\u001b[1m: no method named `total_energy` found for struct `hyperphysics_pbit::GillespieSimulator` in the current scope\u001b[0m\n   \u001b[1m\u001b[94m--> \u001b[0mcrates/hyperphysics-pbit/tests/proptest_gillespie.rs:266:42\n    \u001b[1m\u001b[94m|\u001b[0m\n\u001b[1m\u001b[94m266\u001b[0m \u001b[1m\u001b[94m|\u001b[0m             let energy_large = sim_large.total_energy().abs();\n    \u001b[1m\u001b[94m|\u001b[0m                                          \u001b[1m\u001b[91m^^^^^^^^^^^^\u001b[0m \u001b[1m\u001b[91mmethod not found in `hyperphysics_pbit::GillespieSimulator`\u001b[0m\n\n"}
{"$message_type":"diagnostic","message":"aborting due to 28 previous errors","code":null,"level":"error","spans":[],"children":[],"rendered":"\u001b[1m\u001b[91merror\u001b[0m\u001b[1m: aborting due to 28 previous errors\u001b[0m\n\n"}
{"$message_type":"diagnostic","message":"Some errors have detailed explanations: E0061, E0599.","code":null,"level":"failure-note","spans":[],"children":[],"rendered":"\u001b[1mSome errors have detailed explanations: E0061, E0599.\u001b[0m\n"}
{"$message_type":"diagnostic","message":"For more information about an error, try `rustc --explain E0061`.","code":null,"level":"failure-note","spans":[],"children":[],"rendered":"\u001b[1mFor more information about an error, try `rustc --explain E0061`.\u001b[0m\n"}
